Mar 06, 2017 9:18:44 AM KnockKnockServer main
INFO: Serveur: yes
Mar 06, 2017 9:18:44 AM KnockKnockServer main
INFO: Serveur: the final room is Not selected yet
Mar 06, 2017 9:18:44 AM KnockKnockServer main
INFO: Serveur: I didn't get the room. Where do you want me to go?
Mar 06, 2017 9:18:46 AM KnockKnockServer main
INFO: Serveur: the final room is Not selected yet
Mar 06, 2017 9:18:46 AM KnockKnockServer main
INFO: Serveur: I didn't get the room. Where do you want me to go?
Mar 06, 2017 9:18:48 AM KnockKnockServer main
INFO: Serveur: the final room is Not selected yet
Mar 06, 2017 9:18:48 AM KnockKnockServer main
INFO: Serveur: I didn't get the room. Where do you want me to go?
Mar 06, 2017 9:18:51 AM KnockKnockServer main
INFO: Serveur: the final room is 3
Mar 06, 2017 9:18:51 AM KnockKnockServer main
INFO: Serveur: I'm going.
Mar 06, 2017 9:18:53 AM KnockKnockServer main
INFO: Serveur: I'm in the room 4
Mar 06, 2017 9:18:55 AM KnockKnockServer main
INFO: Serveur: I'm in the room 4
Mar 06, 2017 9:18:57 AM KnockKnockServer main
INFO: Serveur: I'm in the room 4
Mar 06, 2017 9:18:59 AM KnockKnockServer main
INFO: Serveur: I'm in the room 4
Mar 06, 2017 9:19:01 AM KnockKnockServer main
INFO: Serveur: I'm in the room 4
Mar 06, 2017 9:19:03 AM KnockKnockServer main
INFO: Serveur: I'm in the room 4
Mar 06, 2017 9:19:05 AM KnockKnockServer main
INFO: Serveur: I'm in the room 4
Mar 06, 2017 9:19:07 AM KnockKnockServer main
INFO: Serveur: Bye. I arrived.
