févr. 03, 2017 5:21:49 PM KnockKnockClient main
INFOS: Server: I'm listening.
févr. 03, 2017 5:21:49 PM KnockKnockClient main
INFOS: Client: I would like to make a delivery. Is the drone available?
févr. 03, 2017 5:21:49 PM KnockKnockClient main
INFOS: Server: yes
févr. 03, 2017 5:21:49 PM KnockKnockClient main
INFOS: Client: go to the room 551
févr. 03, 2017 5:21:49 PM KnockKnockClient main
AVERTISSEMENT: Server: I didn't get the room. Where do you want me to go?
févr. 03, 2017 5:21:49 PM KnockKnockClient main
INFOS: Client: go to the room 551
févr. 03, 2017 5:21:51 PM KnockKnockClient main
INFOS: Server: I'm going.
févr. 03, 2017 5:21:51 PM KnockKnockClient main
INFOS: Client: where are you?
févr. 03, 2017 5:21:53 PM KnockKnockClient main
INFOS: Server: je suis à la salle 557
févr. 03, 2017 5:21:53 PM KnockKnockClient main
INFOS: localisation 557
févr. 03, 2017 5:21:53 PM KnockKnockClient main
INFOS: Server: je suis à la salle 557
févr. 03, 2017 5:21:53 PM KnockKnockClient main
INFOS: Client: where are you?
févr. 03, 2017 5:21:55 PM KnockKnockClient main
INFOS: Server: je suis à la salle 557
févr. 03, 2017 5:21:55 PM KnockKnockClient main
INFOS: localisation 557
févr. 03, 2017 5:21:55 PM KnockKnockClient main
INFOS: Server: je suis à la salle 557
févr. 03, 2017 5:21:55 PM KnockKnockClient main
INFOS: Client: where are you?
févr. 03, 2017 5:21:57 PM KnockKnockClient main
INFOS: Server: je suis à la salle 557
févr. 03, 2017 5:21:57 PM KnockKnockClient main
INFOS: localisation 557
févr. 03, 2017 5:21:57 PM KnockKnockClient main
INFOS: Server: je suis à la salle 557
févr. 03, 2017 5:21:57 PM KnockKnockClient main
INFOS: Client: where are you?
févr. 03, 2017 5:21:59 PM KnockKnockClient main
INFOS: Server: je suis à la salle 557
févr. 03, 2017 5:21:59 PM KnockKnockClient main
INFOS: localisation 557
févr. 03, 2017 5:21:59 PM KnockKnockClient main
INFOS: Server: je suis à la salle 557
févr. 03, 2017 5:21:59 PM KnockKnockClient main
INFOS: Client: where are you?
févr. 03, 2017 5:22:01 PM KnockKnockClient main
INFOS: Server: je suis à la salle 557
févr. 03, 2017 5:22:01 PM KnockKnockClient main
INFOS: localisation 557
févr. 03, 2017 5:22:01 PM KnockKnockClient main
INFOS: Server: je suis à la salle 557
févr. 03, 2017 5:22:01 PM KnockKnockClient main
INFOS: Client: where are you?
févr. 03, 2017 5:22:03 PM KnockKnockClient main
INFOS: Server: je suis à la salle 557
févr. 03, 2017 5:22:03 PM KnockKnockClient main
INFOS: localisation 557
févr. 03, 2017 5:22:03 PM KnockKnockClient main
INFOS: Server: je suis à la salle 557
févr. 03, 2017 5:22:03 PM KnockKnockClient main
INFOS: Client: where are you?
févr. 03, 2017 5:22:05 PM KnockKnockClient main
INFOS: Server: je suis à la salle 557
févr. 03, 2017 5:22:05 PM KnockKnockClient main
INFOS: localisation 557
févr. 03, 2017 5:22:05 PM KnockKnockClient main
INFOS: Server: je suis à la salle 557
févr. 03, 2017 5:22:05 PM KnockKnockClient main
INFOS: Client: where are you?
févr. 03, 2017 5:22:07 PM KnockKnockClient main
INFOS: Server: je suis à la salle 557
févr. 03, 2017 5:22:07 PM KnockKnockClient main
INFOS: localisation 557
févr. 03, 2017 5:22:07 PM KnockKnockClient main
INFOS: Server: je suis à la salle 557
févr. 03, 2017 5:22:07 PM KnockKnockClient main
INFOS: Client: where are you?
févr. 03, 2017 5:22:09 PM KnockKnockClient main
INFOS: Server: je suis à la salle 557
févr. 03, 2017 5:22:09 PM KnockKnockClient main
INFOS: localisation 557
févr. 03, 2017 5:22:09 PM KnockKnockClient main
INFOS: Server: je suis à la salle 557
févr. 03, 2017 5:22:09 PM KnockKnockClient main
INFOS: Client: where are you?
févr. 03, 2017 5:22:11 PM KnockKnockClient main
INFOS: Server: je suis à la salle 557
févr. 03, 2017 5:22:11 PM KnockKnockClient main
INFOS: localisation 557
févr. 03, 2017 5:22:11 PM KnockKnockClient main
INFOS: Server: je suis à la salle 557
févr. 03, 2017 5:22:11 PM KnockKnockClient main
INFOS: Client: where are you?
févr. 03, 2017 5:22:13 PM KnockKnockClient main
INFOS: Server: je suis à la salle 557
févr. 03, 2017 5:22:13 PM KnockKnockClient main
INFOS: localisation 557
févr. 03, 2017 5:22:13 PM KnockKnockClient main
INFOS: Server: je suis à la salle 557
févr. 03, 2017 5:22:13 PM KnockKnockClient main
INFOS: Client: where are you?
févr. 03, 2017 5:22:15 PM KnockKnockClient main
INFOS: Server: je suis à la salle 557
févr. 03, 2017 5:22:15 PM KnockKnockClient main
INFOS: localisation 557
févr. 03, 2017 5:22:15 PM KnockKnockClient main
INFOS: Server: je suis à la salle 557
févr. 03, 2017 5:22:15 PM KnockKnockClient main
INFOS: Client: where are you?
févr. 03, 2017 5:22:17 PM KnockKnockClient main
INFOS: Server: je suis à la salle 557
févr. 03, 2017 5:22:17 PM KnockKnockClient main
INFOS: localisation 557
févr. 03, 2017 5:22:17 PM KnockKnockClient main
INFOS: Server: je suis à la salle 557
févr. 03, 2017 5:22:17 PM KnockKnockClient main
INFOS: Client: where are you?
févr. 03, 2017 5:22:19 PM KnockKnockClient main
INFOS: Server: je suis à la salle 557
févr. 03, 2017 5:22:19 PM KnockKnockClient main
INFOS: localisation 557
févr. 03, 2017 5:22:19 PM KnockKnockClient main
INFOS: Server: je suis à la salle 557
févr. 03, 2017 5:22:19 PM KnockKnockClient main
INFOS: Client: where are you?
févr. 03, 2017 5:22:21 PM KnockKnockClient main
INFOS: Server: je suis à la salle 557
févr. 03, 2017 5:22:21 PM KnockKnockClient main
INFOS: localisation 557
févr. 03, 2017 5:22:21 PM KnockKnockClient main
INFOS: Server: je suis à la salle 557
févr. 03, 2017 5:22:21 PM KnockKnockClient main
INFOS: Client: where are you?
févr. 03, 2017 5:22:23 PM KnockKnockClient main
INFOS: Server: je suis à la salle 557
févr. 03, 2017 5:22:23 PM KnockKnockClient main
INFOS: localisation 557
févr. 03, 2017 5:22:23 PM KnockKnockClient main
INFOS: Server: je suis à la salle 557
févr. 03, 2017 5:22:23 PM KnockKnockClient main
INFOS: Client: where are you?
févr. 03, 2017 5:22:25 PM KnockKnockClient main
INFOS: Server: je suis à la salle 557
févr. 03, 2017 5:22:25 PM KnockKnockClient main
INFOS: localisation 557
févr. 03, 2017 5:22:25 PM KnockKnockClient main
INFOS: Server: je suis à la salle 557
févr. 03, 2017 5:22:25 PM KnockKnockClient main
INFOS: Client: where are you?
févr. 03, 2017 5:22:27 PM KnockKnockClient main
INFOS: Server: je suis à la salle 557
févr. 03, 2017 5:22:27 PM KnockKnockClient main
INFOS: localisation 557
févr. 03, 2017 5:22:27 PM KnockKnockClient main
INFOS: Server: je suis à la salle 557
févr. 03, 2017 5:22:27 PM KnockKnockClient main
INFOS: Client: where are you?
févr. 03, 2017 5:22:29 PM KnockKnockClient main
INFOS: Server: je suis à la salle 557
févr. 03, 2017 5:22:29 PM KnockKnockClient main
INFOS: localisation 557
févr. 03, 2017 5:22:29 PM KnockKnockClient main
INFOS: Server: je suis à la salle 557
févr. 03, 2017 5:22:29 PM KnockKnockClient main
INFOS: Client: where are you?
févr. 03, 2017 5:22:31 PM KnockKnockClient main
INFOS: Server: je suis à la salle 557
févr. 03, 2017 5:22:31 PM KnockKnockClient main
INFOS: localisation 557
févr. 03, 2017 5:22:31 PM KnockKnockClient main
INFOS: Server: je suis à la salle 557
févr. 03, 2017 5:22:31 PM KnockKnockClient main
INFOS: Client: where are you?
févr. 03, 2017 5:22:33 PM KnockKnockClient main
INFOS: Server: je suis à la salle 557
févr. 03, 2017 5:22:33 PM KnockKnockClient main
INFOS: localisation 557
févr. 03, 2017 5:22:33 PM KnockKnockClient main
INFOS: Server: je suis à la salle 557
févr. 03, 2017 5:22:33 PM KnockKnockClient main
INFOS: Client: where are you?
févr. 03, 2017 5:22:35 PM KnockKnockClient main
INFOS: Server: je suis à la salle 557
févr. 03, 2017 5:22:35 PM KnockKnockClient main
INFOS: localisation 557
févr. 03, 2017 5:22:35 PM KnockKnockClient main
INFOS: Server: je suis à la salle 557
févr. 03, 2017 5:22:35 PM KnockKnockClient main
INFOS: Client: where are you?
févr. 03, 2017 5:22:37 PM KnockKnockClient main
INFOS: Server: je suis à la salle 557
févr. 03, 2017 5:22:37 PM KnockKnockClient main
INFOS: localisation 557
févr. 03, 2017 5:22:37 PM KnockKnockClient main
INFOS: Server: je suis à la salle 557
févr. 03, 2017 5:22:37 PM KnockKnockClient main
INFOS: Client: where are you?
févr. 03, 2017 5:22:39 PM KnockKnockClient main
INFOS: Server: je suis à la salle 557
févr. 03, 2017 5:22:39 PM KnockKnockClient main
INFOS: localisation 557
févr. 03, 2017 5:22:39 PM KnockKnockClient main
INFOS: Server: je suis à la salle 557
févr. 03, 2017 5:22:39 PM KnockKnockClient main
INFOS: Client: where are you?
févr. 03, 2017 5:22:41 PM KnockKnockClient main
INFOS: Server: je suis à la salle 557
févr. 03, 2017 5:22:41 PM KnockKnockClient main
INFOS: localisation 557
févr. 03, 2017 5:22:41 PM KnockKnockClient main
INFOS: Server: je suis à la salle 557
févr. 03, 2017 5:22:41 PM KnockKnockClient main
INFOS: Client: where are you?
févr. 03, 2017 5:22:43 PM KnockKnockClient main
INFOS: Server: je suis à la salle 557
févr. 03, 2017 5:22:43 PM KnockKnockClient main
INFOS: localisation 557
févr. 03, 2017 5:22:43 PM KnockKnockClient main
INFOS: Server: je suis à la salle 557
févr. 03, 2017 5:22:43 PM KnockKnockClient main
INFOS: Client: where are you?
févr. 03, 2017 5:22:45 PM KnockKnockClient main
INFOS: Server: je suis à la salle 557
févr. 03, 2017 5:22:45 PM KnockKnockClient main
INFOS: localisation 557
févr. 03, 2017 5:22:45 PM KnockKnockClient main
INFOS: Server: je suis à la salle 557
févr. 03, 2017 5:22:45 PM KnockKnockClient main
INFOS: Client: where are you?
févr. 03, 2017 5:22:47 PM KnockKnockClient main
INFOS: Server: je suis à la salle 557
févr. 03, 2017 5:22:47 PM KnockKnockClient main
INFOS: localisation 557
févr. 03, 2017 5:22:47 PM KnockKnockClient main
INFOS: Server: je suis à la salle 557
févr. 03, 2017 5:22:47 PM KnockKnockClient main
INFOS: Client: where are you?
févr. 03, 2017 5:22:49 PM KnockKnockClient main
INFOS: Server: je suis à la salle 557
févr. 03, 2017 5:22:49 PM KnockKnockClient main
INFOS: localisation 557
févr. 03, 2017 5:22:49 PM KnockKnockClient main
INFOS: Server: je suis à la salle 557
févr. 03, 2017 5:22:49 PM KnockKnockClient main
INFOS: Client: where are you?
févr. 03, 2017 5:22:51 PM KnockKnockClient main
INFOS: Server: je suis à la salle 557
févr. 03, 2017 5:22:51 PM KnockKnockClient main
INFOS: localisation 557
févr. 03, 2017 5:22:51 PM KnockKnockClient main
INFOS: Server: je suis à la salle 557
févr. 03, 2017 5:22:51 PM KnockKnockClient main
INFOS: Client: where are you?
févr. 03, 2017 5:22:53 PM KnockKnockClient main
INFOS: Server: je suis à la salle 557
févr. 03, 2017 5:22:53 PM KnockKnockClient main
INFOS: localisation 557
févr. 03, 2017 5:22:53 PM KnockKnockClient main
INFOS: Server: je suis à la salle 557
févr. 03, 2017 5:22:53 PM KnockKnockClient main
INFOS: Client: where are you?
févr. 03, 2017 5:22:55 PM KnockKnockClient main
INFOS: Server: je suis à la salle 557
févr. 03, 2017 5:22:55 PM KnockKnockClient main
INFOS: localisation 557
févr. 03, 2017 5:22:55 PM KnockKnockClient main
INFOS: Server: je suis à la salle 557
févr. 03, 2017 5:22:55 PM KnockKnockClient main
INFOS: Client: where are you?
févr. 03, 2017 5:22:57 PM KnockKnockClient main
INFOS: Server: je suis à la salle 557
févr. 03, 2017 5:22:57 PM KnockKnockClient main
INFOS: localisation 557
févr. 03, 2017 5:22:57 PM KnockKnockClient main
INFOS: Server: je suis à la salle 557
févr. 03, 2017 5:22:57 PM KnockKnockClient main
INFOS: Client: where are you?
févr. 03, 2017 5:22:59 PM KnockKnockClient main
INFOS: Server: je suis à la salle 557
févr. 03, 2017 5:22:59 PM KnockKnockClient main
INFOS: localisation 557
févr. 03, 2017 5:22:59 PM KnockKnockClient main
INFOS: Server: je suis à la salle 557
févr. 03, 2017 5:22:59 PM KnockKnockClient main
INFOS: Client: where are you?
févr. 03, 2017 5:23:01 PM KnockKnockClient main
INFOS: Server: je suis à la salle 557
févr. 03, 2017 5:23:01 PM KnockKnockClient main
INFOS: localisation 557
févr. 03, 2017 5:23:01 PM KnockKnockClient main
INFOS: Server: je suis à la salle 557
févr. 03, 2017 5:23:01 PM KnockKnockClient main
INFOS: Client: where are you?
févr. 03, 2017 5:23:03 PM KnockKnockClient main
INFOS: Server: je suis à la salle 557
févr. 03, 2017 5:23:03 PM KnockKnockClient main
INFOS: localisation 557
févr. 03, 2017 5:23:03 PM KnockKnockClient main
INFOS: Server: je suis à la salle 557
févr. 03, 2017 5:23:03 PM KnockKnockClient main
INFOS: Client: where are you?
févr. 03, 2017 5:23:05 PM KnockKnockClient main
INFOS: Server: je suis à la salle 557
févr. 03, 2017 5:23:05 PM KnockKnockClient main
INFOS: localisation 557
févr. 03, 2017 5:23:05 PM KnockKnockClient main
INFOS: Server: je suis à la salle 557
févr. 03, 2017 5:23:05 PM KnockKnockClient main
INFOS: Client: where are you?
févr. 03, 2017 5:23:07 PM KnockKnockClient main
INFOS: Server: je suis à la salle 557
févr. 03, 2017 5:23:07 PM KnockKnockClient main
INFOS: localisation 557
févr. 03, 2017 5:23:07 PM KnockKnockClient main
INFOS: Server: je suis à la salle 557
févr. 03, 2017 5:23:07 PM KnockKnockClient main
INFOS: Client: where are you?
févr. 03, 2017 5:23:09 PM KnockKnockClient main
INFOS: Server: je suis à la salle 557
févr. 03, 2017 5:23:09 PM KnockKnockClient main
INFOS: localisation 557
févr. 03, 2017 5:23:09 PM KnockKnockClient main
INFOS: Server: je suis à la salle 557
févr. 03, 2017 5:23:09 PM KnockKnockClient main
INFOS: Client: where are you?
févr. 03, 2017 5:23:11 PM KnockKnockClient main
INFOS: Server: je suis à la salle 557
févr. 03, 2017 5:23:11 PM KnockKnockClient main
INFOS: localisation 557
févr. 03, 2017 5:23:11 PM KnockKnockClient main
INFOS: Server: je suis à la salle 557
févr. 03, 2017 5:23:11 PM KnockKnockClient main
INFOS: Client: where are you?
févr. 03, 2017 5:23:13 PM KnockKnockClient main
INFOS: Server: je suis à la salle 557
févr. 03, 2017 5:23:13 PM KnockKnockClient main
INFOS: localisation 557
févr. 03, 2017 5:23:13 PM KnockKnockClient main
INFOS: Server: je suis à la salle 557
févr. 03, 2017 5:23:13 PM KnockKnockClient main
INFOS: Client: where are you?
févr. 03, 2017 5:23:15 PM KnockKnockClient main
INFOS: Server: je suis à la salle 557
févr. 03, 2017 5:23:15 PM KnockKnockClient main
INFOS: localisation 557
févr. 03, 2017 5:23:15 PM KnockKnockClient main
INFOS: Server: je suis à la salle 557
févr. 03, 2017 5:23:15 PM KnockKnockClient main
INFOS: Client: where are you?
févr. 03, 2017 5:23:17 PM KnockKnockClient main
INFOS: Server: je suis à la salle 557
févr. 03, 2017 5:23:17 PM KnockKnockClient main
INFOS: localisation 557
févr. 03, 2017 5:23:17 PM KnockKnockClient main
INFOS: Server: je suis à la salle 557
févr. 03, 2017 5:23:17 PM KnockKnockClient main
INFOS: Client: where are you?
févr. 03, 2017 5:23:19 PM KnockKnockClient main
INFOS: Server: je suis à la salle 557
févr. 03, 2017 5:23:19 PM KnockKnockClient main
INFOS: localisation 557
févr. 03, 2017 5:23:19 PM KnockKnockClient main
INFOS: Server: je suis à la salle 557
févr. 03, 2017 5:23:19 PM KnockKnockClient main
INFOS: Client: where are you?
févr. 03, 2017 5:23:21 PM KnockKnockClient main
INFOS: Server: je suis à la salle 557
févr. 03, 2017 5:23:21 PM KnockKnockClient main
INFOS: localisation 557
févr. 03, 2017 5:23:21 PM KnockKnockClient main
INFOS: Server: je suis à la salle 557
févr. 03, 2017 5:23:21 PM KnockKnockClient main
INFOS: Client: where are you?
févr. 03, 2017 5:23:23 PM KnockKnockClient main
INFOS: Server: je suis à la salle 557
févr. 03, 2017 5:23:23 PM KnockKnockClient main
INFOS: localisation 557
févr. 03, 2017 5:23:23 PM KnockKnockClient main
INFOS: Server: je suis à la salle 557
févr. 03, 2017 5:23:23 PM KnockKnockClient main
INFOS: Client: where are you?
févr. 03, 2017 5:23:25 PM KnockKnockClient main
INFOS: Server: je suis à la salle 557
févr. 03, 2017 5:23:25 PM KnockKnockClient main
INFOS: localisation 557
févr. 03, 2017 5:23:25 PM KnockKnockClient main
INFOS: Server: je suis à la salle 557
févr. 03, 2017 5:23:25 PM KnockKnockClient main
INFOS: Client: where are you?
févr. 03, 2017 5:23:27 PM KnockKnockClient main
INFOS: Server: je suis à la salle 557
févr. 03, 2017 5:23:27 PM KnockKnockClient main
INFOS: localisation 557
févr. 03, 2017 5:23:27 PM KnockKnockClient main
INFOS: Server: je suis à la salle 557
févr. 03, 2017 5:23:27 PM KnockKnockClient main
INFOS: Client: where are you?
févr. 03, 2017 5:23:29 PM KnockKnockClient main
INFOS: Server: je suis à la salle 557
févr. 03, 2017 5:23:29 PM KnockKnockClient main
INFOS: localisation 557
févr. 03, 2017 5:23:29 PM KnockKnockClient main
INFOS: Server: je suis à la salle 557
févr. 03, 2017 5:23:29 PM KnockKnockClient main
INFOS: Client: where are you?
févr. 03, 2017 5:23:31 PM KnockKnockClient main
INFOS: Server: je suis à la salle 557
févr. 03, 2017 5:23:31 PM KnockKnockClient main
INFOS: localisation 557
févr. 03, 2017 5:23:31 PM KnockKnockClient main
INFOS: Server: je suis à la salle 557
févr. 03, 2017 5:23:31 PM KnockKnockClient main
INFOS: Client: where are you?
févr. 03, 2017 5:23:33 PM KnockKnockClient main
INFOS: Server: je suis à la salle 557
févr. 03, 2017 5:23:33 PM KnockKnockClient main
INFOS: localisation 557
févr. 03, 2017 5:23:33 PM KnockKnockClient main
INFOS: Server: je suis à la salle 557
févr. 03, 2017 5:23:33 PM KnockKnockClient main
INFOS: Client: where are you?
févr. 03, 2017 5:23:35 PM KnockKnockClient main
INFOS: Server: je suis à la salle 557
févr. 03, 2017 5:23:35 PM KnockKnockClient main
INFOS: localisation 557
févr. 03, 2017 5:23:35 PM KnockKnockClient main
INFOS: Server: je suis à la salle 557
févr. 03, 2017 5:23:35 PM KnockKnockClient main
INFOS: Client: where are you?
févr. 03, 2017 5:23:37 PM KnockKnockClient main
INFOS: Server: je suis à la salle 557
févr. 03, 2017 5:23:37 PM KnockKnockClient main
INFOS: localisation 557
févr. 03, 2017 5:23:37 PM KnockKnockClient main
INFOS: Server: je suis à la salle 557
févr. 03, 2017 5:23:37 PM KnockKnockClient main
INFOS: Client: where are you?
févr. 03, 2017 5:23:39 PM KnockKnockClient main
INFOS: Server: je suis à la salle 557
févr. 03, 2017 5:23:39 PM KnockKnockClient main
INFOS: localisation 557
févr. 03, 2017 5:23:39 PM KnockKnockClient main
INFOS: Server: je suis à la salle 557
févr. 03, 2017 5:23:39 PM KnockKnockClient main
INFOS: Client: where are you?
févr. 03, 2017 5:23:41 PM KnockKnockClient main
INFOS: Server: je suis à la salle 557
févr. 03, 2017 5:23:41 PM KnockKnockClient main
INFOS: localisation 557
févr. 03, 2017 5:23:41 PM KnockKnockClient main
INFOS: Server: je suis à la salle 557
févr. 03, 2017 5:23:41 PM KnockKnockClient main
INFOS: Client: where are you?
févr. 03, 2017 5:23:43 PM KnockKnockClient main
INFOS: Server: je suis à la salle 557
févr. 03, 2017 5:23:43 PM KnockKnockClient main
INFOS: localisation 557
févr. 03, 2017 5:23:43 PM KnockKnockClient main
INFOS: Server: je suis à la salle 557
févr. 03, 2017 5:23:43 PM KnockKnockClient main
INFOS: Client: where are you?
févr. 03, 2017 5:23:45 PM KnockKnockClient main
INFOS: Server: je suis à la salle 557
févr. 03, 2017 5:23:45 PM KnockKnockClient main
INFOS: localisation 557
févr. 03, 2017 5:23:45 PM KnockKnockClient main
INFOS: Server: je suis à la salle 557
févr. 03, 2017 5:23:45 PM KnockKnockClient main
INFOS: Client: where are you?
févr. 03, 2017 5:23:47 PM KnockKnockClient main
INFOS: Server: je suis à la salle 557
févr. 03, 2017 5:23:47 PM KnockKnockClient main
INFOS: localisation 557
févr. 03, 2017 5:23:47 PM KnockKnockClient main
INFOS: Server: je suis à la salle 557
févr. 03, 2017 5:23:47 PM KnockKnockClient main
INFOS: Client: where are you?
févr. 03, 2017 5:23:49 PM KnockKnockClient main
INFOS: Server: je suis à la salle 557
févr. 03, 2017 5:23:49 PM KnockKnockClient main
INFOS: localisation 557
févr. 03, 2017 5:23:49 PM KnockKnockClient main
INFOS: Server: je suis à la salle 557
févr. 03, 2017 5:23:49 PM KnockKnockClient main
INFOS: Client: where are you?
févr. 03, 2017 5:23:51 PM KnockKnockClient main
INFOS: Server: je suis à la salle 557
févr. 03, 2017 5:23:51 PM KnockKnockClient main
INFOS: localisation 557
févr. 03, 2017 5:23:51 PM KnockKnockClient main
INFOS: Server: je suis à la salle 557
févr. 03, 2017 5:23:51 PM KnockKnockClient main
INFOS: Client: where are you?
févr. 03, 2017 5:23:53 PM KnockKnockClient main
INFOS: Server: je suis à la salle 557
févr. 03, 2017 5:23:53 PM KnockKnockClient main
INFOS: localisation 557
févr. 03, 2017 5:23:53 PM KnockKnockClient main
INFOS: Server: je suis à la salle 557
févr. 03, 2017 5:23:53 PM KnockKnockClient main
INFOS: Client: where are you?
févr. 03, 2017 5:23:55 PM KnockKnockClient main
INFOS: Server: je suis à la salle 557
févr. 03, 2017 5:23:55 PM KnockKnockClient main
INFOS: localisation 557
févr. 03, 2017 5:23:55 PM KnockKnockClient main
INFOS: Server: je suis à la salle 557
févr. 03, 2017 5:23:55 PM KnockKnockClient main
INFOS: Client: where are you?
févr. 03, 2017 5:23:57 PM KnockKnockClient main
INFOS: Server: je suis à la salle 557
févr. 03, 2017 5:23:57 PM KnockKnockClient main
INFOS: localisation 557
févr. 03, 2017 5:23:57 PM KnockKnockClient main
INFOS: Server: je suis à la salle 557
févr. 03, 2017 5:23:57 PM KnockKnockClient main
INFOS: Client: where are you?
févr. 03, 2017 5:23:59 PM KnockKnockClient main
INFOS: Server: je suis à la salle 557
févr. 03, 2017 5:23:59 PM KnockKnockClient main
INFOS: localisation 557
févr. 03, 2017 5:23:59 PM KnockKnockClient main
INFOS: Server: je suis à la salle 557
févr. 03, 2017 5:23:59 PM KnockKnockClient main
INFOS: Client: where are you?
févr. 03, 2017 5:24:01 PM KnockKnockClient main
INFOS: Server: je suis à la salle 557
févr. 03, 2017 5:24:01 PM KnockKnockClient main
INFOS: localisation 557
févr. 03, 2017 5:24:01 PM KnockKnockClient main
INFOS: Server: je suis à la salle 557
févr. 03, 2017 5:24:01 PM KnockKnockClient main
INFOS: Client: where are you?
févr. 03, 2017 5:24:03 PM KnockKnockClient main
INFOS: Server: je suis à la salle 557
févr. 03, 2017 5:24:03 PM KnockKnockClient main
INFOS: localisation 557
févr. 03, 2017 5:24:03 PM KnockKnockClient main
INFOS: Server: je suis à la salle 557
févr. 03, 2017 5:24:03 PM KnockKnockClient main
INFOS: Client: where are you?
févr. 03, 2017 5:24:05 PM KnockKnockClient main
INFOS: Server: je suis à la salle 557
févr. 03, 2017 5:24:05 PM KnockKnockClient main
INFOS: localisation 557
févr. 03, 2017 5:24:05 PM KnockKnockClient main
INFOS: Server: je suis à la salle 557
févr. 03, 2017 5:24:05 PM KnockKnockClient main
INFOS: Client: where are you?
févr. 03, 2017 5:24:07 PM KnockKnockClient main
INFOS: Server: je suis à la salle 557
févr. 03, 2017 5:24:07 PM KnockKnockClient main
INFOS: localisation 557
févr. 03, 2017 5:24:07 PM KnockKnockClient main
INFOS: Server: je suis à la salle 557
févr. 03, 2017 5:24:07 PM KnockKnockClient main
INFOS: Client: where are you?
févr. 03, 2017 5:24:09 PM KnockKnockClient main
INFOS: Server: je suis à la salle 557
févr. 03, 2017 5:24:09 PM KnockKnockClient main
INFOS: localisation 557
févr. 03, 2017 5:24:09 PM KnockKnockClient main
INFOS: Server: je suis à la salle 557
févr. 03, 2017 5:24:09 PM KnockKnockClient main
INFOS: Client: where are you?
févr. 03, 2017 5:24:11 PM KnockKnockClient main
INFOS: Server: je suis à la salle 557
févr. 03, 2017 5:24:11 PM KnockKnockClient main
INFOS: localisation 557
févr. 03, 2017 5:24:11 PM KnockKnockClient main
INFOS: Server: je suis à la salle 557
févr. 03, 2017 5:24:11 PM KnockKnockClient main
INFOS: Client: where are you?
févr. 03, 2017 5:24:13 PM KnockKnockClient main
INFOS: Server: je suis à la salle 557
févr. 03, 2017 5:24:13 PM KnockKnockClient main
INFOS: localisation 557
févr. 03, 2017 5:24:13 PM KnockKnockClient main
INFOS: Server: je suis à la salle 557
févr. 03, 2017 5:24:13 PM KnockKnockClient main
INFOS: Client: where are you?
févr. 03, 2017 5:24:15 PM KnockKnockClient main
INFOS: Server: je suis à la salle 557
févr. 03, 2017 5:24:15 PM KnockKnockClient main
INFOS: localisation 557
févr. 03, 2017 5:24:15 PM KnockKnockClient main
INFOS: Server: je suis à la salle 557
févr. 03, 2017 5:24:15 PM KnockKnockClient main
INFOS: Client: where are you?
févr. 03, 2017 5:24:17 PM KnockKnockClient main
INFOS: Server: je suis à la salle 557
févr. 03, 2017 5:24:17 PM KnockKnockClient main
INFOS: localisation 557
févr. 03, 2017 5:24:17 PM KnockKnockClient main
INFOS: Server: je suis à la salle 557
févr. 03, 2017 5:24:17 PM KnockKnockClient main
INFOS: Client: where are you?
févr. 03, 2017 5:24:19 PM KnockKnockClient main
INFOS: Server: je suis à la salle 557
févr. 03, 2017 5:24:19 PM KnockKnockClient main
INFOS: localisation 557
févr. 03, 2017 5:24:19 PM KnockKnockClient main
INFOS: Server: je suis à la salle 557
févr. 03, 2017 5:24:19 PM KnockKnockClient main
INFOS: Client: where are you?
févr. 03, 2017 5:24:21 PM KnockKnockClient main
INFOS: Server: je suis à la salle 557
févr. 03, 2017 5:24:21 PM KnockKnockClient main
INFOS: localisation 557
févr. 03, 2017 5:24:21 PM KnockKnockClient main
INFOS: Server: je suis à la salle 557
févr. 03, 2017 5:24:21 PM KnockKnockClient main
INFOS: Client: where are you?
févr. 03, 2017 5:24:23 PM KnockKnockClient main
INFOS: Server: je suis à la salle 557
févr. 03, 2017 5:24:23 PM KnockKnockClient main
INFOS: localisation 557
févr. 03, 2017 5:24:23 PM KnockKnockClient main
INFOS: Server: je suis à la salle 557
févr. 03, 2017 5:24:23 PM KnockKnockClient main
INFOS: Client: where are you?
févr. 03, 2017 5:24:25 PM KnockKnockClient main
INFOS: Server: je suis à la salle 557
févr. 03, 2017 5:24:25 PM KnockKnockClient main
INFOS: localisation 557
févr. 03, 2017 5:24:25 PM KnockKnockClient main
INFOS: Server: je suis à la salle 557
févr. 03, 2017 5:24:25 PM KnockKnockClient main
INFOS: Client: where are you?
févr. 03, 2017 5:24:27 PM KnockKnockClient main
INFOS: Server: je suis à la salle 557
févr. 03, 2017 5:24:27 PM KnockKnockClient main
INFOS: localisation 557
févr. 03, 2017 5:24:27 PM KnockKnockClient main
INFOS: Server: je suis à la salle 557
févr. 03, 2017 5:24:27 PM KnockKnockClient main
INFOS: Client: where are you?
févr. 03, 2017 5:24:29 PM KnockKnockClient main
INFOS: Server: je suis à la salle 557
févr. 03, 2017 5:24:29 PM KnockKnockClient main
INFOS: localisation 557
févr. 03, 2017 5:24:29 PM KnockKnockClient main
INFOS: Server: je suis à la salle 557
févr. 03, 2017 5:24:29 PM KnockKnockClient main
INFOS: Client: where are you?
févr. 03, 2017 5:24:31 PM KnockKnockClient main
INFOS: Server: je suis à la salle 557
févr. 03, 2017 5:24:31 PM KnockKnockClient main
INFOS: localisation 557
févr. 03, 2017 5:24:31 PM KnockKnockClient main
INFOS: Server: je suis à la salle 557
févr. 03, 2017 5:24:31 PM KnockKnockClient main
INFOS: Client: where are you?
févr. 03, 2017 5:24:33 PM KnockKnockClient main
INFOS: Server: je suis à la salle 557
févr. 03, 2017 5:24:33 PM KnockKnockClient main
INFOS: localisation 557
févr. 03, 2017 5:24:33 PM KnockKnockClient main
INFOS: Server: je suis à la salle 557
févr. 03, 2017 5:24:33 PM KnockKnockClient main
INFOS: Client: where are you?
févr. 03, 2017 5:24:35 PM KnockKnockClient main
INFOS: Server: je suis à la salle 557
févr. 03, 2017 5:24:35 PM KnockKnockClient main
INFOS: localisation 557
févr. 03, 2017 5:24:35 PM KnockKnockClient main
INFOS: Server: je suis à la salle 557
févr. 03, 2017 5:24:35 PM KnockKnockClient main
INFOS: Client: where are you?
févr. 03, 2017 5:24:37 PM KnockKnockClient main
INFOS: Server: je suis à la salle 557
févr. 03, 2017 5:24:37 PM KnockKnockClient main
INFOS: localisation 557
févr. 03, 2017 5:24:37 PM KnockKnockClient main
INFOS: Server: je suis à la salle 557
févr. 03, 2017 5:24:37 PM KnockKnockClient main
INFOS: Client: where are you?
févr. 03, 2017 5:24:39 PM KnockKnockClient main
INFOS: Server: je suis à la salle 557
févr. 03, 2017 5:24:39 PM KnockKnockClient main
INFOS: localisation 557
févr. 03, 2017 5:24:39 PM KnockKnockClient main
INFOS: Server: je suis à la salle 557
févr. 03, 2017 5:24:39 PM KnockKnockClient main
INFOS: Client: where are you?
févr. 03, 2017 5:24:41 PM KnockKnockClient main
INFOS: Server: je suis à la salle 557
févr. 03, 2017 5:24:41 PM KnockKnockClient main
INFOS: localisation 557
févr. 03, 2017 5:24:41 PM KnockKnockClient main
INFOS: Server: je suis à la salle 557
févr. 03, 2017 5:24:41 PM KnockKnockClient main
INFOS: Client: where are you?
févr. 03, 2017 5:24:43 PM KnockKnockClient main
INFOS: Server: je suis à la salle 557
févr. 03, 2017 5:24:43 PM KnockKnockClient main
INFOS: localisation 557
févr. 03, 2017 5:24:43 PM KnockKnockClient main
INFOS: Server: je suis à la salle 557
févr. 03, 2017 5:24:43 PM KnockKnockClient main
INFOS: Client: where are you?
févr. 03, 2017 5:24:45 PM KnockKnockClient main
INFOS: Server: je suis à la salle 557
févr. 03, 2017 5:24:45 PM KnockKnockClient main
INFOS: localisation 557
févr. 03, 2017 5:24:45 PM KnockKnockClient main
INFOS: Server: je suis à la salle 557
févr. 03, 2017 5:24:45 PM KnockKnockClient main
INFOS: Client: where are you?
févr. 03, 2017 5:24:47 PM KnockKnockClient main
INFOS: Server: je suis à la salle 557
févr. 03, 2017 5:24:47 PM KnockKnockClient main
INFOS: localisation 557
févr. 03, 2017 5:24:47 PM KnockKnockClient main
INFOS: Server: je suis à la salle 557
févr. 03, 2017 5:24:47 PM KnockKnockClient main
INFOS: Client: where are you?
févr. 03, 2017 5:24:49 PM KnockKnockClient main
INFOS: Server: je suis à la salle 557
févr. 03, 2017 5:24:49 PM KnockKnockClient main
INFOS: localisation 557
févr. 03, 2017 5:24:49 PM KnockKnockClient main
INFOS: Server: je suis à la salle 557
févr. 03, 2017 5:24:49 PM KnockKnockClient main
INFOS: Client: where are you?
févr. 03, 2017 5:24:51 PM KnockKnockClient main
INFOS: Server: je suis à la salle 557
févr. 03, 2017 5:24:51 PM KnockKnockClient main
INFOS: localisation 557
févr. 03, 2017 5:24:51 PM KnockKnockClient main
INFOS: Server: je suis à la salle 557
févr. 03, 2017 5:24:51 PM KnockKnockClient main
INFOS: Client: where are you?
févr. 03, 2017 5:24:53 PM KnockKnockClient main
INFOS: Server: je suis à la salle 557
févr. 03, 2017 5:24:53 PM KnockKnockClient main
INFOS: localisation 557
févr. 03, 2017 5:24:53 PM KnockKnockClient main
INFOS: Server: je suis à la salle 557
févr. 03, 2017 5:24:53 PM KnockKnockClient main
INFOS: Client: where are you?
févr. 03, 2017 5:24:55 PM KnockKnockClient main
INFOS: Server: je suis à la salle 557
févr. 03, 2017 5:24:55 PM KnockKnockClient main
INFOS: localisation 557
févr. 03, 2017 5:24:55 PM KnockKnockClient main
INFOS: Server: je suis à la salle 557
févr. 03, 2017 5:24:55 PM KnockKnockClient main
INFOS: Client: where are you?
févr. 03, 2017 5:24:57 PM KnockKnockClient main
INFOS: Server: je suis à la salle 557
févr. 03, 2017 5:24:57 PM KnockKnockClient main
INFOS: localisation 557
févr. 03, 2017 5:24:57 PM KnockKnockClient main
INFOS: Server: je suis à la salle 557
févr. 03, 2017 5:24:57 PM KnockKnockClient main
INFOS: Client: where are you?
févr. 03, 2017 5:24:59 PM KnockKnockClient main
INFOS: Server: je suis à la salle 557
févr. 03, 2017 5:24:59 PM KnockKnockClient main
INFOS: localisation 557
févr. 03, 2017 5:24:59 PM KnockKnockClient main
INFOS: Server: je suis à la salle 557
févr. 03, 2017 5:24:59 PM KnockKnockClient main
INFOS: Client: where are you?
févr. 03, 2017 5:25:01 PM KnockKnockClient main
INFOS: Server: je suis à la salle 557
févr. 03, 2017 5:25:01 PM KnockKnockClient main
INFOS: localisation 557
févr. 03, 2017 5:25:01 PM KnockKnockClient main
INFOS: Server: je suis à la salle 557
févr. 03, 2017 5:25:01 PM KnockKnockClient main
INFOS: Client: where are you?
févr. 03, 2017 5:25:03 PM KnockKnockClient main
INFOS: Server: je suis à la salle 557
févr. 03, 2017 5:25:03 PM KnockKnockClient main
INFOS: localisation 557
févr. 03, 2017 5:25:03 PM KnockKnockClient main
INFOS: Server: je suis à la salle 557
févr. 03, 2017 5:25:03 PM KnockKnockClient main
INFOS: Client: where are you?
févr. 03, 2017 5:25:05 PM KnockKnockClient main
INFOS: Server: je suis à la salle 557
févr. 03, 2017 5:25:05 PM KnockKnockClient main
INFOS: localisation 557
févr. 03, 2017 5:25:05 PM KnockKnockClient main
INFOS: Server: je suis à la salle 557
févr. 03, 2017 5:25:05 PM KnockKnockClient main
INFOS: Client: where are you?
févr. 03, 2017 5:25:07 PM KnockKnockClient main
INFOS: Server: je suis à la salle 557
févr. 03, 2017 5:25:07 PM KnockKnockClient main
INFOS: localisation 557
févr. 03, 2017 5:25:07 PM KnockKnockClient main
INFOS: Server: je suis à la salle 557
févr. 03, 2017 5:25:07 PM KnockKnockClient main
INFOS: Client: where are you?
févr. 03, 2017 5:25:09 PM KnockKnockClient main
INFOS: Server: je suis à la salle 557
févr. 03, 2017 5:25:09 PM KnockKnockClient main
INFOS: localisation 557
févr. 03, 2017 5:25:09 PM KnockKnockClient main
INFOS: Server: je suis à la salle 557
févr. 03, 2017 5:25:09 PM KnockKnockClient main
INFOS: Client: where are you?
févr. 03, 2017 5:25:11 PM KnockKnockClient main
INFOS: Server: je suis à la salle 557
févr. 03, 2017 5:25:11 PM KnockKnockClient main
INFOS: localisation 557
févr. 03, 2017 5:25:11 PM KnockKnockClient main
INFOS: Server: je suis à la salle 557
févr. 03, 2017 5:25:11 PM KnockKnockClient main
INFOS: Client: where are you?
févr. 03, 2017 5:25:13 PM KnockKnockClient main
INFOS: Server: je suis à la salle 557
févr. 03, 2017 5:25:13 PM KnockKnockClient main
INFOS: localisation 557
févr. 03, 2017 5:25:13 PM KnockKnockClient main
INFOS: Server: je suis à la salle 557
févr. 03, 2017 5:25:13 PM KnockKnockClient main
INFOS: Client: where are you?
févr. 03, 2017 5:25:15 PM KnockKnockClient main
INFOS: Server: je suis à la salle 557
févr. 03, 2017 5:25:15 PM KnockKnockClient main
INFOS: localisation 557
févr. 03, 2017 5:25:15 PM KnockKnockClient main
INFOS: Server: je suis à la salle 557
févr. 03, 2017 5:25:15 PM KnockKnockClient main
INFOS: Client: where are you?
févr. 03, 2017 5:25:17 PM KnockKnockClient main
INFOS: Server: je suis à la salle 557
févr. 03, 2017 5:25:17 PM KnockKnockClient main
INFOS: localisation 557
févr. 03, 2017 5:25:17 PM KnockKnockClient main
INFOS: Server: je suis à la salle 557
févr. 03, 2017 5:25:17 PM KnockKnockClient main
INFOS: Client: where are you?
févr. 03, 2017 5:25:19 PM KnockKnockClient main
INFOS: Server: je suis à la salle 557
févr. 03, 2017 5:25:19 PM KnockKnockClient main
INFOS: localisation 557
févr. 03, 2017 5:25:19 PM KnockKnockClient main
INFOS: Server: je suis à la salle 557
févr. 03, 2017 5:25:19 PM KnockKnockClient main
INFOS: Client: where are you?
févr. 03, 2017 5:25:21 PM KnockKnockClient main
INFOS: Server: je suis à la salle 557
févr. 03, 2017 5:25:22 PM KnockKnockClient main
INFOS: localisation 557
févr. 03, 2017 5:25:22 PM KnockKnockClient main
INFOS: Server: je suis à la salle 557
févr. 03, 2017 5:25:22 PM KnockKnockClient main
INFOS: Client: where are you?
févr. 03, 2017 5:25:24 PM KnockKnockClient main
INFOS: Server: je suis à la salle 557
févr. 03, 2017 5:25:24 PM KnockKnockClient main
INFOS: localisation 557
févr. 03, 2017 5:25:24 PM KnockKnockClient main
INFOS: Server: je suis à la salle 557
févr. 03, 2017 5:25:24 PM KnockKnockClient main
INFOS: Client: where are you?
févr. 03, 2017 5:25:26 PM KnockKnockClient main
INFOS: Server: je suis à la salle 557
févr. 03, 2017 5:25:26 PM KnockKnockClient main
INFOS: localisation 557
févr. 03, 2017 5:25:26 PM KnockKnockClient main
INFOS: Server: je suis à la salle 557
févr. 03, 2017 5:25:26 PM KnockKnockClient main
INFOS: Client: where are you?
févr. 03, 2017 5:25:28 PM KnockKnockClient main
INFOS: Server: je suis à la salle 557
févr. 03, 2017 5:25:28 PM KnockKnockClient main
INFOS: localisation 557
févr. 03, 2017 5:25:28 PM KnockKnockClient main
INFOS: Server: je suis à la salle 557
févr. 03, 2017 5:25:28 PM KnockKnockClient main
INFOS: Client: where are you?
févr. 03, 2017 5:25:30 PM KnockKnockClient main
INFOS: Server: je suis à la salle 557
févr. 03, 2017 5:25:30 PM KnockKnockClient main
INFOS: localisation 557
févr. 03, 2017 5:25:30 PM KnockKnockClient main
INFOS: Server: je suis à la salle 557
févr. 03, 2017 5:25:30 PM KnockKnockClient main
INFOS: Client: where are you?
févr. 03, 2017 5:25:32 PM KnockKnockClient main
INFOS: Server: je suis à la salle 557
févr. 03, 2017 5:25:32 PM KnockKnockClient main
INFOS: localisation 557
févr. 03, 2017 5:25:32 PM KnockKnockClient main
INFOS: Server: je suis à la salle 557
févr. 03, 2017 5:25:32 PM KnockKnockClient main
INFOS: Client: where are you?
févr. 03, 2017 5:25:34 PM KnockKnockClient main
INFOS: Server: je suis à la salle 557
févr. 03, 2017 5:25:34 PM KnockKnockClient main
INFOS: localisation 557
févr. 03, 2017 5:25:34 PM KnockKnockClient main
INFOS: Server: je suis à la salle 557
févr. 03, 2017 5:25:34 PM KnockKnockClient main
INFOS: Client: where are you?
févr. 03, 2017 5:25:36 PM KnockKnockClient main
INFOS: Server: je suis à la salle 557
févr. 03, 2017 5:25:36 PM KnockKnockClient main
INFOS: localisation 557
févr. 03, 2017 5:25:36 PM KnockKnockClient main
INFOS: Server: je suis à la salle 557
févr. 03, 2017 5:25:36 PM KnockKnockClient main
INFOS: Client: where are you?
févr. 03, 2017 5:25:38 PM KnockKnockClient main
INFOS: Server: je suis à la salle 557
févr. 03, 2017 5:25:38 PM KnockKnockClient main
INFOS: localisation 557
févr. 03, 2017 5:25:38 PM KnockKnockClient main
INFOS: Server: je suis à la salle 557
févr. 03, 2017 5:25:38 PM KnockKnockClient main
INFOS: Client: where are you?
févr. 03, 2017 5:25:40 PM KnockKnockClient main
INFOS: Server: je suis à la salle 557
févr. 03, 2017 5:25:40 PM KnockKnockClient main
INFOS: localisation 557
févr. 03, 2017 5:25:40 PM KnockKnockClient main
INFOS: Server: je suis à la salle 557
févr. 03, 2017 5:25:40 PM KnockKnockClient main
INFOS: Client: where are you?
févr. 03, 2017 5:25:42 PM KnockKnockClient main
INFOS: Server: je suis à la salle 557
févr. 03, 2017 5:25:42 PM KnockKnockClient main
INFOS: localisation 557
févr. 03, 2017 5:25:42 PM KnockKnockClient main
INFOS: Server: je suis à la salle 557
févr. 03, 2017 5:25:42 PM KnockKnockClient main
INFOS: Client: where are you?
févr. 03, 2017 5:25:44 PM KnockKnockClient main
INFOS: Server: je suis à la salle 557
févr. 03, 2017 5:25:44 PM KnockKnockClient main
INFOS: localisation 557
févr. 03, 2017 5:25:44 PM KnockKnockClient main
INFOS: Server: je suis à la salle 557
févr. 03, 2017 5:25:44 PM KnockKnockClient main
INFOS: Client: where are you?
févr. 03, 2017 5:25:46 PM KnockKnockClient main
INFOS: Server: je suis à la salle 557
févr. 03, 2017 5:25:46 PM KnockKnockClient main
INFOS: localisation 557
févr. 03, 2017 5:25:46 PM KnockKnockClient main
INFOS: Server: je suis à la salle 557
févr. 03, 2017 5:25:46 PM KnockKnockClient main
INFOS: Client: where are you?
févr. 03, 2017 5:25:48 PM KnockKnockClient main
INFOS: Server: je suis à la salle 557
févr. 03, 2017 5:25:48 PM KnockKnockClient main
INFOS: localisation 557
févr. 03, 2017 5:25:48 PM KnockKnockClient main
INFOS: Server: je suis à la salle 557
févr. 03, 2017 5:25:48 PM KnockKnockClient main
INFOS: Client: where are you?
févr. 03, 2017 5:25:50 PM KnockKnockClient main
INFOS: Server: je suis à la salle 557
févr. 03, 2017 5:25:50 PM KnockKnockClient main
INFOS: localisation 557
févr. 03, 2017 5:25:50 PM KnockKnockClient main
INFOS: Server: je suis à la salle 557
févr. 03, 2017 5:25:50 PM KnockKnockClient main
INFOS: Client: where are you?
févr. 03, 2017 5:25:52 PM KnockKnockClient main
INFOS: Server: je suis à la salle 557
févr. 03, 2017 5:25:52 PM KnockKnockClient main
INFOS: localisation 557
févr. 03, 2017 5:25:52 PM KnockKnockClient main
INFOS: Server: je suis à la salle 557
févr. 03, 2017 5:25:52 PM KnockKnockClient main
INFOS: Client: where are you?
févr. 03, 2017 5:25:54 PM KnockKnockClient main
INFOS: Server: je suis à la salle 557
févr. 03, 2017 5:25:54 PM KnockKnockClient main
INFOS: localisation 557
févr. 03, 2017 5:25:54 PM KnockKnockClient main
INFOS: Server: je suis à la salle 557
févr. 03, 2017 5:25:54 PM KnockKnockClient main
INFOS: Client: where are you?
févr. 03, 2017 5:25:56 PM KnockKnockClient main
INFOS: Server: je suis à la salle 557
févr. 03, 2017 5:25:56 PM KnockKnockClient main
INFOS: localisation 557
févr. 03, 2017 5:25:56 PM KnockKnockClient main
INFOS: Server: je suis à la salle 557
févr. 03, 2017 5:25:56 PM KnockKnockClient main
INFOS: Client: where are you?
févr. 03, 2017 5:25:58 PM KnockKnockClient main
INFOS: Server: je suis à la salle 557
févr. 03, 2017 5:25:58 PM KnockKnockClient main
INFOS: localisation 557
févr. 03, 2017 5:25:58 PM KnockKnockClient main
INFOS: Server: je suis à la salle 557
févr. 03, 2017 5:25:58 PM KnockKnockClient main
INFOS: Client: where are you?
févr. 03, 2017 5:26:00 PM KnockKnockClient main
INFOS: Server: je suis à la salle 557
févr. 03, 2017 5:26:00 PM KnockKnockClient main
INFOS: localisation 557
févr. 03, 2017 5:26:00 PM KnockKnockClient main
INFOS: Server: je suis à la salle 557
févr. 03, 2017 5:26:00 PM KnockKnockClient main
INFOS: Client: where are you?
févr. 03, 2017 5:26:02 PM KnockKnockClient main
INFOS: Server: je suis à la salle 557
févr. 03, 2017 5:26:02 PM KnockKnockClient main
INFOS: localisation 557
févr. 03, 2017 5:26:02 PM KnockKnockClient main
INFOS: Server: je suis à la salle 557
févr. 03, 2017 5:26:02 PM KnockKnockClient main
INFOS: Client: where are you?
févr. 03, 2017 5:26:04 PM KnockKnockClient main
INFOS: Server: je suis à la salle 557
févr. 03, 2017 5:26:04 PM KnockKnockClient main
INFOS: localisation 557
févr. 03, 2017 5:26:04 PM KnockKnockClient main
INFOS: Server: je suis à la salle 557
févr. 03, 2017 5:26:04 PM KnockKnockClient main
INFOS: Client: where are you?
févr. 03, 2017 5:26:06 PM KnockKnockClient main
INFOS: Server: je suis à la salle 557
févr. 03, 2017 5:26:06 PM KnockKnockClient main
INFOS: localisation 557
févr. 03, 2017 5:26:06 PM KnockKnockClient main
INFOS: Server: je suis à la salle 557
févr. 03, 2017 5:26:06 PM KnockKnockClient main
INFOS: Client: where are you?
févr. 03, 2017 5:26:08 PM KnockKnockClient main
INFOS: Server: je suis à la salle 557
févr. 03, 2017 5:26:08 PM KnockKnockClient main
INFOS: localisation 557
févr. 03, 2017 5:26:08 PM KnockKnockClient main
INFOS: Server: je suis à la salle 557
févr. 03, 2017 5:26:08 PM KnockKnockClient main
INFOS: Client: where are you?
févr. 03, 2017 5:26:10 PM KnockKnockClient main
INFOS: Server: je suis à la salle 557
févr. 03, 2017 5:26:10 PM KnockKnockClient main
INFOS: localisation 557
févr. 03, 2017 5:26:10 PM KnockKnockClient main
INFOS: Server: je suis à la salle 557
févr. 03, 2017 5:26:10 PM KnockKnockClient main
INFOS: Client: where are you?
févr. 03, 2017 5:26:12 PM KnockKnockClient main
INFOS: Server: je suis à la salle 557
févr. 03, 2017 5:26:12 PM KnockKnockClient main
INFOS: localisation 557
févr. 03, 2017 5:26:12 PM KnockKnockClient main
INFOS: Server: je suis à la salle 557
févr. 03, 2017 5:26:12 PM KnockKnockClient main
INFOS: Client: where are you?
févr. 03, 2017 5:26:14 PM KnockKnockClient main
INFOS: Server: je suis à la salle 557
févr. 03, 2017 5:26:14 PM KnockKnockClient main
INFOS: localisation 557
févr. 03, 2017 5:26:14 PM KnockKnockClient main
INFOS: Server: je suis à la salle 557
févr. 03, 2017 5:26:14 PM KnockKnockClient main
INFOS: Client: where are you?
févr. 03, 2017 5:26:16 PM KnockKnockClient main
INFOS: Server: je suis à la salle 557
févr. 03, 2017 5:26:16 PM KnockKnockClient main
INFOS: localisation 557
févr. 03, 2017 5:26:16 PM KnockKnockClient main
INFOS: Server: je suis à la salle 557
févr. 03, 2017 5:26:16 PM KnockKnockClient main
INFOS: Client: where are you?
févr. 03, 2017 5:26:18 PM KnockKnockClient main
INFOS: Server: je suis à la salle 557
févr. 03, 2017 5:26:18 PM KnockKnockClient main
INFOS: localisation 557
févr. 03, 2017 5:26:18 PM KnockKnockClient main
INFOS: Server: je suis à la salle 557
févr. 03, 2017 5:26:18 PM KnockKnockClient main
INFOS: Client: where are you?
févr. 03, 2017 5:26:20 PM KnockKnockClient main
INFOS: Server: je suis à la salle 557
févr. 03, 2017 5:26:20 PM KnockKnockClient main
INFOS: localisation 557
févr. 03, 2017 5:26:20 PM KnockKnockClient main
INFOS: Server: je suis à la salle 557
févr. 03, 2017 5:26:20 PM KnockKnockClient main
INFOS: Client: where are you?
févr. 03, 2017 5:26:22 PM KnockKnockClient main
INFOS: Server: je suis à la salle 557
févr. 03, 2017 5:26:22 PM KnockKnockClient main
INFOS: localisation 557
févr. 03, 2017 5:26:22 PM KnockKnockClient main
INFOS: Server: je suis à la salle 557
févr. 03, 2017 5:26:22 PM KnockKnockClient main
INFOS: Client: where are you?
févr. 03, 2017 5:26:24 PM KnockKnockClient main
INFOS: Server: je suis à la salle 557
févr. 03, 2017 5:26:24 PM KnockKnockClient main
INFOS: localisation 557
févr. 03, 2017 5:26:24 PM KnockKnockClient main
INFOS: Server: je suis à la salle 557
févr. 03, 2017 5:26:24 PM KnockKnockClient main
INFOS: Client: where are you?
févr. 03, 2017 5:26:26 PM KnockKnockClient main
INFOS: Server: je suis à la salle 557
févr. 03, 2017 5:26:26 PM KnockKnockClient main
INFOS: localisation 557
févr. 03, 2017 5:26:26 PM KnockKnockClient main
INFOS: Server: je suis à la salle 557
févr. 03, 2017 5:26:26 PM KnockKnockClient main
INFOS: Client: where are you?
févr. 03, 2017 5:26:28 PM KnockKnockClient main
INFOS: Server: je suis à la salle 557
févr. 03, 2017 5:26:28 PM KnockKnockClient main
INFOS: localisation 557
févr. 03, 2017 5:26:28 PM KnockKnockClient main
INFOS: Server: je suis à la salle 557
févr. 03, 2017 5:26:28 PM KnockKnockClient main
INFOS: Client: where are you?
févr. 03, 2017 5:26:30 PM KnockKnockClient main
INFOS: Server: je suis à la salle 557
févr. 03, 2017 5:26:30 PM KnockKnockClient main
INFOS: localisation 557
févr. 03, 2017 5:26:30 PM KnockKnockClient main
INFOS: Server: je suis à la salle 557
févr. 03, 2017 5:26:30 PM KnockKnockClient main
INFOS: Client: where are you?
févr. 03, 2017 5:26:32 PM KnockKnockClient main
INFOS: Server: je suis à la salle 557
févr. 03, 2017 5:26:32 PM KnockKnockClient main
INFOS: localisation 557
févr. 03, 2017 5:26:32 PM KnockKnockClient main
INFOS: Server: je suis à la salle 557
févr. 03, 2017 5:26:32 PM KnockKnockClient main
INFOS: Client: where are you?
févr. 03, 2017 5:26:34 PM KnockKnockClient main
INFOS: Server: je suis à la salle 557
févr. 03, 2017 5:26:34 PM KnockKnockClient main
INFOS: localisation 557
févr. 03, 2017 5:26:34 PM KnockKnockClient main
INFOS: Server: je suis à la salle 557
févr. 03, 2017 5:26:34 PM KnockKnockClient main
INFOS: Client: where are you?
févr. 03, 2017 5:26:36 PM KnockKnockClient main
INFOS: Server: je suis à la salle 557
févr. 03, 2017 5:26:36 PM KnockKnockClient main
INFOS: localisation 557
févr. 03, 2017 5:26:36 PM KnockKnockClient main
INFOS: Server: je suis à la salle 557
févr. 03, 2017 5:26:36 PM KnockKnockClient main
INFOS: Client: where are you?
févr. 03, 2017 5:26:38 PM KnockKnockClient main
INFOS: Server: je suis à la salle 557
févr. 03, 2017 5:26:38 PM KnockKnockClient main
INFOS: localisation 557
févr. 03, 2017 5:26:38 PM KnockKnockClient main
INFOS: Server: je suis à la salle 557
févr. 03, 2017 5:26:38 PM KnockKnockClient main
INFOS: Client: where are you?
févr. 03, 2017 5:26:40 PM KnockKnockClient main
INFOS: Server: je suis à la salle 557
févr. 03, 2017 5:26:40 PM KnockKnockClient main
INFOS: localisation 557
févr. 03, 2017 5:26:40 PM KnockKnockClient main
INFOS: Server: je suis à la salle 557
févr. 03, 2017 5:26:40 PM KnockKnockClient main
INFOS: Client: where are you?
févr. 03, 2017 5:26:42 PM KnockKnockClient main
INFOS: Server: je suis à la salle 557
févr. 03, 2017 5:26:42 PM KnockKnockClient main
INFOS: localisation 557
févr. 03, 2017 5:26:42 PM KnockKnockClient main
INFOS: Server: je suis à la salle 557
févr. 03, 2017 5:26:42 PM KnockKnockClient main
INFOS: Client: where are you?
févr. 03, 2017 5:26:44 PM KnockKnockClient main
INFOS: Server: je suis à la salle 557
févr. 03, 2017 5:26:44 PM KnockKnockClient main
INFOS: localisation 557
févr. 03, 2017 5:26:44 PM KnockKnockClient main
INFOS: Server: je suis à la salle 557
févr. 03, 2017 5:26:44 PM KnockKnockClient main
INFOS: Client: where are you?
févr. 03, 2017 5:26:46 PM KnockKnockClient main
INFOS: Server: je suis à la salle 557
févr. 03, 2017 5:26:46 PM KnockKnockClient main
INFOS: localisation 557
févr. 03, 2017 5:26:46 PM KnockKnockClient main
INFOS: Server: je suis à la salle 557
févr. 03, 2017 5:26:46 PM KnockKnockClient main
INFOS: Client: where are you?
févr. 03, 2017 5:26:48 PM KnockKnockClient main
INFOS: Server: je suis à la salle 557
févr. 03, 2017 5:26:48 PM KnockKnockClient main
INFOS: localisation 557
févr. 03, 2017 5:26:48 PM KnockKnockClient main
INFOS: Server: je suis à la salle 557
févr. 03, 2017 5:26:48 PM KnockKnockClient main
INFOS: Client: where are you?
févr. 03, 2017 5:26:50 PM KnockKnockClient main
INFOS: Server: je suis à la salle 557
févr. 03, 2017 5:26:50 PM KnockKnockClient main
INFOS: localisation 557
févr. 03, 2017 5:26:50 PM KnockKnockClient main
INFOS: Server: je suis à la salle 557
févr. 03, 2017 5:26:50 PM KnockKnockClient main
INFOS: Client: where are you?
févr. 03, 2017 5:26:52 PM KnockKnockClient main
INFOS: Server: je suis à la salle 557
févr. 03, 2017 5:26:52 PM KnockKnockClient main
INFOS: localisation 557
févr. 03, 2017 5:26:52 PM KnockKnockClient main
INFOS: Server: je suis à la salle 557
févr. 03, 2017 5:26:52 PM KnockKnockClient main
INFOS: Client: where are you?
févr. 03, 2017 5:26:54 PM KnockKnockClient main
INFOS: Server: je suis à la salle 557
févr. 03, 2017 5:26:54 PM KnockKnockClient main
INFOS: localisation 557
févr. 03, 2017 5:26:54 PM KnockKnockClient main
INFOS: Server: je suis à la salle 557
févr. 03, 2017 5:26:54 PM KnockKnockClient main
INFOS: Client: where are you?
févr. 03, 2017 5:26:56 PM KnockKnockClient main
INFOS: Server: je suis à la salle 557
févr. 03, 2017 5:26:56 PM KnockKnockClient main
INFOS: localisation 557
févr. 03, 2017 5:26:56 PM KnockKnockClient main
INFOS: Server: je suis à la salle 557
févr. 03, 2017 5:26:56 PM KnockKnockClient main
INFOS: Client: where are you?
févr. 03, 2017 5:26:58 PM KnockKnockClient main
INFOS: Server: je suis à la salle 557
févr. 03, 2017 5:26:58 PM KnockKnockClient main
INFOS: localisation 557
févr. 03, 2017 5:26:58 PM KnockKnockClient main
INFOS: Server: je suis à la salle 557
févr. 03, 2017 5:26:58 PM KnockKnockClient main
INFOS: Client: where are you?
févr. 03, 2017 5:27:00 PM KnockKnockClient main
INFOS: Server: je suis à la salle 557
févr. 03, 2017 5:27:00 PM KnockKnockClient main
INFOS: localisation 557
févr. 03, 2017 5:27:00 PM KnockKnockClient main
INFOS: Server: je suis à la salle 557
févr. 03, 2017 5:27:00 PM KnockKnockClient main
INFOS: Client: where are you?
févr. 03, 2017 5:27:02 PM KnockKnockClient main
INFOS: Server: je suis à la salle 557
févr. 03, 2017 5:27:02 PM KnockKnockClient main
INFOS: localisation 557
févr. 03, 2017 5:27:02 PM KnockKnockClient main
INFOS: Server: je suis à la salle 557
févr. 03, 2017 5:27:02 PM KnockKnockClient main
INFOS: Client: where are you?
févr. 03, 2017 5:27:04 PM KnockKnockClient main
INFOS: Server: je suis à la salle 557
févr. 03, 2017 5:27:04 PM KnockKnockClient main
INFOS: localisation 557
févr. 03, 2017 5:27:04 PM KnockKnockClient main
INFOS: Server: je suis à la salle 557
févr. 03, 2017 5:27:04 PM KnockKnockClient main
INFOS: Client: where are you?
févr. 03, 2017 5:27:06 PM KnockKnockClient main
INFOS: Server: je suis à la salle 557
févr. 03, 2017 5:27:06 PM KnockKnockClient main
INFOS: localisation 557
févr. 03, 2017 5:27:06 PM KnockKnockClient main
INFOS: Server: je suis à la salle 557
févr. 03, 2017 5:27:06 PM KnockKnockClient main
INFOS: Client: where are you?
févr. 03, 2017 5:27:08 PM KnockKnockClient main
INFOS: Server: je suis à la salle 557
févr. 03, 2017 5:27:08 PM KnockKnockClient main
INFOS: localisation 557
févr. 03, 2017 5:27:08 PM KnockKnockClient main
INFOS: Server: je suis à la salle 557
févr. 03, 2017 5:27:08 PM KnockKnockClient main
INFOS: Client: where are you?
févr. 03, 2017 5:27:10 PM KnockKnockClient main
INFOS: Server: je suis à la salle 557
févr. 03, 2017 5:27:10 PM KnockKnockClient main
INFOS: localisation 557
févr. 03, 2017 5:27:10 PM KnockKnockClient main
INFOS: Server: je suis à la salle 557
févr. 03, 2017 5:27:10 PM KnockKnockClient main
INFOS: Client: where are you?
févr. 03, 2017 5:27:12 PM KnockKnockClient main
INFOS: Server: je suis à la salle 557
févr. 03, 2017 5:27:12 PM KnockKnockClient main
INFOS: localisation 557
févr. 03, 2017 5:27:12 PM KnockKnockClient main
INFOS: Server: je suis à la salle 557
févr. 03, 2017 5:27:12 PM KnockKnockClient main
INFOS: Client: where are you?
févr. 03, 2017 5:27:14 PM KnockKnockClient main
INFOS: Server: je suis à la salle 557
févr. 03, 2017 5:27:14 PM KnockKnockClient main
INFOS: localisation 557
févr. 03, 2017 5:27:14 PM KnockKnockClient main
INFOS: Server: je suis à la salle 557
févr. 03, 2017 5:27:14 PM KnockKnockClient main
INFOS: Client: where are you?
févr. 03, 2017 5:27:16 PM KnockKnockClient main
INFOS: Server: je suis à la salle 557
févr. 03, 2017 5:27:16 PM KnockKnockClient main
INFOS: localisation 557
févr. 03, 2017 5:27:16 PM KnockKnockClient main
INFOS: Server: je suis à la salle 557
févr. 03, 2017 5:27:16 PM KnockKnockClient main
INFOS: Client: where are you?
févr. 03, 2017 5:27:18 PM KnockKnockClient main
INFOS: Server: je suis à la salle 557
févr. 03, 2017 5:27:18 PM KnockKnockClient main
INFOS: localisation 557
févr. 03, 2017 5:27:18 PM KnockKnockClient main
INFOS: Server: je suis à la salle 557
févr. 03, 2017 5:27:18 PM KnockKnockClient main
INFOS: Client: where are you?
févr. 03, 2017 5:27:20 PM KnockKnockClient main
INFOS: Server: je suis à la salle 557
févr. 03, 2017 5:27:20 PM KnockKnockClient main
INFOS: localisation 557
févr. 03, 2017 5:27:20 PM KnockKnockClient main
INFOS: Server: je suis à la salle 557
févr. 03, 2017 5:27:20 PM KnockKnockClient main
INFOS: Client: where are you?
févr. 03, 2017 5:27:22 PM KnockKnockClient main
INFOS: Server: je suis à la salle 557
févr. 03, 2017 5:27:22 PM KnockKnockClient main
INFOS: localisation 557
févr. 03, 2017 5:27:22 PM KnockKnockClient main
INFOS: Server: je suis à la salle 557
févr. 03, 2017 5:27:22 PM KnockKnockClient main
INFOS: Client: where are you?
févr. 03, 2017 5:27:24 PM KnockKnockClient main
INFOS: Server: je suis à la salle 557
févr. 03, 2017 5:27:24 PM KnockKnockClient main
INFOS: localisation 557
févr. 03, 2017 5:27:24 PM KnockKnockClient main
INFOS: Server: je suis à la salle 557
févr. 03, 2017 5:27:24 PM KnockKnockClient main
INFOS: Client: where are you?
févr. 03, 2017 5:27:26 PM KnockKnockClient main
INFOS: Server: je suis à la salle 557
févr. 03, 2017 5:27:26 PM KnockKnockClient main
INFOS: localisation 557
févr. 03, 2017 5:27:26 PM KnockKnockClient main
INFOS: Server: je suis à la salle 557
févr. 03, 2017 5:27:26 PM KnockKnockClient main
INFOS: Client: where are you?
févr. 03, 2017 5:27:28 PM KnockKnockClient main
INFOS: Server: je suis à la salle 557
févr. 03, 2017 5:27:28 PM KnockKnockClient main
INFOS: localisation 557
févr. 03, 2017 5:27:28 PM KnockKnockClient main
INFOS: Server: je suis à la salle 557
févr. 03, 2017 5:27:28 PM KnockKnockClient main
INFOS: Client: where are you?
févr. 03, 2017 5:27:30 PM KnockKnockClient main
INFOS: Server: je suis à la salle 557
févr. 03, 2017 5:27:30 PM KnockKnockClient main
INFOS: localisation 557
févr. 03, 2017 5:27:30 PM KnockKnockClient main
INFOS: Server: je suis à la salle 557
févr. 03, 2017 5:27:30 PM KnockKnockClient main
INFOS: Client: where are you?
févr. 03, 2017 5:27:32 PM KnockKnockClient main
INFOS: Server: je suis à la salle 557
févr. 03, 2017 5:27:32 PM KnockKnockClient main
INFOS: localisation 557
févr. 03, 2017 5:27:32 PM KnockKnockClient main
INFOS: Server: je suis à la salle 557
févr. 03, 2017 5:27:32 PM KnockKnockClient main
INFOS: Client: where are you?
févr. 03, 2017 5:27:34 PM KnockKnockClient main
INFOS: Server: je suis à la salle 557
févr. 03, 2017 5:27:34 PM KnockKnockClient main
INFOS: localisation 557
févr. 03, 2017 5:27:34 PM KnockKnockClient main
INFOS: Server: je suis à la salle 557
févr. 03, 2017 5:27:34 PM KnockKnockClient main
INFOS: Client: where are you?
févr. 03, 2017 5:27:36 PM KnockKnockClient main
INFOS: Server: je suis à la salle 557
févr. 03, 2017 5:27:36 PM KnockKnockClient main
INFOS: localisation 557
févr. 03, 2017 5:27:36 PM KnockKnockClient main
INFOS: Server: je suis à la salle 557
févr. 03, 2017 5:27:36 PM KnockKnockClient main
INFOS: Client: where are you?
févr. 03, 2017 5:27:38 PM KnockKnockClient main
INFOS: Server: je suis à la salle 557
févr. 03, 2017 5:27:38 PM KnockKnockClient main
INFOS: localisation 557
févr. 03, 2017 5:27:38 PM KnockKnockClient main
INFOS: Server: je suis à la salle 557
févr. 03, 2017 5:27:38 PM KnockKnockClient main
INFOS: Client: where are you?
févr. 03, 2017 5:27:40 PM KnockKnockClient main
INFOS: Server: je suis à la salle 557
févr. 03, 2017 5:27:40 PM KnockKnockClient main
INFOS: localisation 557
févr. 03, 2017 5:27:40 PM KnockKnockClient main
INFOS: Server: je suis à la salle 557
févr. 03, 2017 5:27:40 PM KnockKnockClient main
INFOS: Client: where are you?
févr. 03, 2017 5:27:42 PM KnockKnockClient main
INFOS: Server: je suis à la salle 557
févr. 03, 2017 5:27:42 PM KnockKnockClient main
INFOS: localisation 557
févr. 03, 2017 5:27:42 PM KnockKnockClient main
INFOS: Server: je suis à la salle 557
févr. 03, 2017 5:27:42 PM KnockKnockClient main
INFOS: Client: where are you?
févr. 03, 2017 5:27:44 PM KnockKnockClient main
INFOS: Server: je suis à la salle 557
févr. 03, 2017 5:27:44 PM KnockKnockClient main
INFOS: localisation 557
févr. 03, 2017 5:27:44 PM KnockKnockClient main
INFOS: Server: je suis à la salle 557
févr. 03, 2017 5:27:44 PM KnockKnockClient main
INFOS: Client: where are you?
févr. 03, 2017 5:27:46 PM KnockKnockClient main
INFOS: Server: je suis à la salle 557
févr. 03, 2017 5:27:46 PM KnockKnockClient main
INFOS: localisation 557
févr. 03, 2017 5:27:46 PM KnockKnockClient main
INFOS: Server: je suis à la salle 557
févr. 03, 2017 5:27:46 PM KnockKnockClient main
INFOS: Client: where are you?
févr. 03, 2017 5:27:48 PM KnockKnockClient main
INFOS: Server: je suis à la salle 557
févr. 03, 2017 5:27:48 PM KnockKnockClient main
INFOS: localisation 557
févr. 03, 2017 5:27:48 PM KnockKnockClient main
INFOS: Server: je suis à la salle 557
févr. 03, 2017 5:27:48 PM KnockKnockClient main
INFOS: Client: where are you?
févr. 03, 2017 5:27:50 PM KnockKnockClient main
INFOS: Server: je suis à la salle 557
févr. 03, 2017 5:27:50 PM KnockKnockClient main
INFOS: localisation 557
févr. 03, 2017 5:27:50 PM KnockKnockClient main
INFOS: Server: je suis à la salle 557
févr. 03, 2017 5:27:50 PM KnockKnockClient main
INFOS: Client: where are you?
févr. 03, 2017 5:27:52 PM KnockKnockClient main
INFOS: Server: je suis à la salle 557
févr. 03, 2017 5:27:52 PM KnockKnockClient main
INFOS: localisation 557
févr. 03, 2017 5:27:52 PM KnockKnockClient main
INFOS: Server: je suis à la salle 557
févr. 03, 2017 5:27:52 PM KnockKnockClient main
INFOS: Client: where are you?
févr. 03, 2017 5:27:54 PM KnockKnockClient main
INFOS: Server: je suis à la salle 557
févr. 03, 2017 5:27:54 PM KnockKnockClient main
INFOS: localisation 557
févr. 03, 2017 5:27:54 PM KnockKnockClient main
INFOS: Server: je suis à la salle 557
févr. 03, 2017 5:27:54 PM KnockKnockClient main
INFOS: Client: where are you?
févr. 03, 2017 5:27:56 PM KnockKnockClient main
INFOS: Server: je suis à la salle 557
févr. 03, 2017 5:27:56 PM KnockKnockClient main
INFOS: localisation 557
févr. 03, 2017 5:27:56 PM KnockKnockClient main
INFOS: Server: je suis à la salle 557
févr. 03, 2017 5:27:56 PM KnockKnockClient main
INFOS: Client: where are you?
févr. 03, 2017 5:27:58 PM KnockKnockClient main
INFOS: Server: je suis à la salle 557
févr. 03, 2017 5:27:58 PM KnockKnockClient main
INFOS: localisation 557
févr. 03, 2017 5:27:58 PM KnockKnockClient main
INFOS: Server: je suis à la salle 557
févr. 03, 2017 5:27:58 PM KnockKnockClient main
INFOS: Client: where are you?
févr. 03, 2017 5:28:00 PM KnockKnockClient main
INFOS: Server: je suis à la salle 557
févr. 03, 2017 5:28:00 PM KnockKnockClient main
INFOS: localisation 557
févr. 03, 2017 5:28:00 PM KnockKnockClient main
INFOS: Server: je suis à la salle 557
févr. 03, 2017 5:28:00 PM KnockKnockClient main
INFOS: Client: where are you?
févr. 03, 2017 5:28:02 PM KnockKnockClient main
INFOS: Server: je suis à la salle 557
févr. 03, 2017 5:28:02 PM KnockKnockClient main
INFOS: localisation 557
févr. 03, 2017 5:28:02 PM KnockKnockClient main
INFOS: Server: je suis à la salle 557
févr. 03, 2017 5:28:02 PM KnockKnockClient main
INFOS: Client: where are you?
févr. 03, 2017 5:28:04 PM KnockKnockClient main
INFOS: Server: je suis à la salle 557
févr. 03, 2017 5:28:04 PM KnockKnockClient main
INFOS: localisation 557
févr. 03, 2017 5:28:04 PM KnockKnockClient main
INFOS: Server: je suis à la salle 557
févr. 03, 2017 5:28:04 PM KnockKnockClient main
INFOS: Client: where are you?
févr. 03, 2017 5:28:06 PM KnockKnockClient main
INFOS: Server: je suis à la salle 557
févr. 03, 2017 5:28:06 PM KnockKnockClient main
INFOS: localisation 557
févr. 03, 2017 5:28:06 PM KnockKnockClient main
INFOS: Server: je suis à la salle 557
févr. 03, 2017 5:28:06 PM KnockKnockClient main
INFOS: Client: where are you?
févr. 03, 2017 5:28:08 PM KnockKnockClient main
INFOS: Server: je suis à la salle 557
févr. 03, 2017 5:28:08 PM KnockKnockClient main
INFOS: localisation 557
févr. 03, 2017 5:28:08 PM KnockKnockClient main
INFOS: Server: je suis à la salle 557
févr. 03, 2017 5:28:08 PM KnockKnockClient main
INFOS: Client: where are you?
févr. 03, 2017 5:28:10 PM KnockKnockClient main
INFOS: Server: je suis à la salle 557
févr. 03, 2017 5:28:10 PM KnockKnockClient main
INFOS: localisation 557
févr. 03, 2017 5:28:10 PM KnockKnockClient main
INFOS: Server: je suis à la salle 557
févr. 03, 2017 5:28:10 PM KnockKnockClient main
INFOS: Client: where are you?
févr. 03, 2017 5:28:12 PM KnockKnockClient main
INFOS: Server: je suis à la salle 557
févr. 03, 2017 5:28:12 PM KnockKnockClient main
INFOS: localisation 557
févr. 03, 2017 5:28:12 PM KnockKnockClient main
INFOS: Server: je suis à la salle 557
févr. 03, 2017 5:28:12 PM KnockKnockClient main
INFOS: Client: where are you?
févr. 03, 2017 5:28:14 PM KnockKnockClient main
INFOS: Server: je suis à la salle 557
févr. 03, 2017 5:28:14 PM KnockKnockClient main
INFOS: localisation 557
févr. 03, 2017 5:28:14 PM KnockKnockClient main
INFOS: Server: je suis à la salle 557
févr. 03, 2017 5:28:14 PM KnockKnockClient main
INFOS: Client: where are you?
févr. 03, 2017 5:28:16 PM KnockKnockClient main
INFOS: Server: je suis à la salle 557
févr. 03, 2017 5:28:16 PM KnockKnockClient main
INFOS: localisation 557
févr. 03, 2017 5:28:16 PM KnockKnockClient main
INFOS: Server: je suis à la salle 557
févr. 03, 2017 5:28:16 PM KnockKnockClient main
INFOS: Client: where are you?
févr. 03, 2017 5:28:18 PM KnockKnockClient main
INFOS: Server: je suis à la salle 557
févr. 03, 2017 5:28:18 PM KnockKnockClient main
INFOS: localisation 557
févr. 03, 2017 5:28:18 PM KnockKnockClient main
INFOS: Server: je suis à la salle 557
févr. 03, 2017 5:28:18 PM KnockKnockClient main
INFOS: Client: where are you?
févr. 03, 2017 5:28:20 PM KnockKnockClient main
INFOS: Server: je suis à la salle 557
févr. 03, 2017 5:28:20 PM KnockKnockClient main
INFOS: localisation 557
févr. 03, 2017 5:28:20 PM KnockKnockClient main
INFOS: Server: je suis à la salle 557
févr. 03, 2017 5:28:20 PM KnockKnockClient main
INFOS: Client: where are you?
févr. 03, 2017 5:28:22 PM KnockKnockClient main
INFOS: Server: je suis à la salle 557
févr. 03, 2017 5:28:22 PM KnockKnockClient main
INFOS: localisation 557
févr. 03, 2017 5:28:22 PM KnockKnockClient main
INFOS: Server: je suis à la salle 557
févr. 03, 2017 5:28:22 PM KnockKnockClient main
INFOS: Client: where are you?
févr. 03, 2017 5:28:24 PM KnockKnockClient main
INFOS: Server: je suis à la salle 557
févr. 03, 2017 5:28:24 PM KnockKnockClient main
INFOS: localisation 557
févr. 03, 2017 5:28:24 PM KnockKnockClient main
INFOS: Server: je suis à la salle 557
févr. 03, 2017 5:28:24 PM KnockKnockClient main
INFOS: Client: where are you?
févr. 03, 2017 5:28:26 PM KnockKnockClient main
INFOS: Server: je suis à la salle 557
févr. 03, 2017 5:28:26 PM KnockKnockClient main
INFOS: localisation 557
févr. 03, 2017 5:28:26 PM KnockKnockClient main
INFOS: Server: je suis à la salle 557
févr. 03, 2017 5:28:26 PM KnockKnockClient main
INFOS: Client: where are you?
févr. 03, 2017 5:28:28 PM KnockKnockClient main
INFOS: Server: je suis à la salle 557
févr. 03, 2017 5:28:28 PM KnockKnockClient main
INFOS: localisation 557
févr. 03, 2017 5:28:28 PM KnockKnockClient main
INFOS: Server: je suis à la salle 557
févr. 03, 2017 5:28:28 PM KnockKnockClient main
INFOS: Client: where are you?
févr. 03, 2017 5:28:30 PM KnockKnockClient main
INFOS: Server: je suis à la salle 557
févr. 03, 2017 5:28:30 PM KnockKnockClient main
INFOS: localisation 557
févr. 03, 2017 5:28:30 PM KnockKnockClient main
INFOS: Server: je suis à la salle 557
févr. 03, 2017 5:28:30 PM KnockKnockClient main
INFOS: Client: where are you?
févr. 03, 2017 5:28:32 PM KnockKnockClient main
INFOS: Server: je suis à la salle 557
févr. 03, 2017 5:28:32 PM KnockKnockClient main
INFOS: localisation 557
févr. 03, 2017 5:28:32 PM KnockKnockClient main
INFOS: Server: je suis à la salle 557
févr. 03, 2017 5:28:32 PM KnockKnockClient main
INFOS: Client: where are you?
févr. 03, 2017 5:28:34 PM KnockKnockClient main
INFOS: Server: je suis à la salle 557
févr. 03, 2017 5:28:34 PM KnockKnockClient main
INFOS: localisation 557
févr. 03, 2017 5:28:34 PM KnockKnockClient main
INFOS: Server: je suis à la salle 557
févr. 03, 2017 5:28:34 PM KnockKnockClient main
INFOS: Client: where are you?
févr. 03, 2017 5:28:36 PM KnockKnockClient main
INFOS: Server: je suis à la salle 557
févr. 03, 2017 5:28:36 PM KnockKnockClient main
INFOS: localisation 557
févr. 03, 2017 5:28:36 PM KnockKnockClient main
INFOS: Server: je suis à la salle 557
févr. 03, 2017 5:28:36 PM KnockKnockClient main
INFOS: Client: where are you?
févr. 03, 2017 5:28:38 PM KnockKnockClient main
INFOS: Server: je suis à la salle 557
févr. 03, 2017 5:28:38 PM KnockKnockClient main
INFOS: localisation 557
févr. 03, 2017 5:28:38 PM KnockKnockClient main
INFOS: Server: je suis à la salle 557
févr. 03, 2017 5:28:38 PM KnockKnockClient main
INFOS: Client: where are you?
févr. 03, 2017 5:28:40 PM KnockKnockClient main
INFOS: Server: je suis à la salle 557
févr. 03, 2017 5:28:40 PM KnockKnockClient main
INFOS: localisation 557
févr. 03, 2017 5:28:40 PM KnockKnockClient main
INFOS: Server: je suis à la salle 557
févr. 03, 2017 5:28:40 PM KnockKnockClient main
INFOS: Client: where are you?
févr. 03, 2017 5:28:42 PM KnockKnockClient main
INFOS: Server: je suis à la salle 557
févr. 03, 2017 5:28:42 PM KnockKnockClient main
INFOS: localisation 557
févr. 03, 2017 5:28:42 PM KnockKnockClient main
INFOS: Server: je suis à la salle 557
févr. 03, 2017 5:28:42 PM KnockKnockClient main
INFOS: Client: where are you?
févr. 03, 2017 5:28:44 PM KnockKnockClient main
INFOS: Server: je suis à la salle 557
févr. 03, 2017 5:28:44 PM KnockKnockClient main
INFOS: localisation 557
févr. 03, 2017 5:28:44 PM KnockKnockClient main
INFOS: Server: je suis à la salle 557
févr. 03, 2017 5:28:44 PM KnockKnockClient main
INFOS: Client: where are you?
févr. 03, 2017 5:28:46 PM KnockKnockClient main
INFOS: Server: je suis à la salle 557
févr. 03, 2017 5:28:46 PM KnockKnockClient main
INFOS: localisation 557
févr. 03, 2017 5:28:46 PM KnockKnockClient main
INFOS: Server: je suis à la salle 557
févr. 03, 2017 5:28:46 PM KnockKnockClient main
INFOS: Client: where are you?
févr. 03, 2017 5:28:48 PM KnockKnockClient main
INFOS: Server: je suis à la salle 557
févr. 03, 2017 5:28:48 PM KnockKnockClient main
INFOS: localisation 557
févr. 03, 2017 5:28:48 PM KnockKnockClient main
INFOS: Server: je suis à la salle 557
févr. 03, 2017 5:28:48 PM KnockKnockClient main
INFOS: Client: where are you?
févr. 03, 2017 5:28:50 PM KnockKnockClient main
INFOS: Server: je suis à la salle 557
févr. 03, 2017 5:28:50 PM KnockKnockClient main
INFOS: localisation 557
févr. 03, 2017 5:28:50 PM KnockKnockClient main
INFOS: Server: je suis à la salle 557
févr. 03, 2017 5:28:50 PM KnockKnockClient main
INFOS: Client: where are you?
févr. 03, 2017 6:53:21 PM KnockKnockClient main
INFOS: Server: je suis à la salle 557
févr. 03, 2017 6:53:21 PM KnockKnockClient main
INFOS: localisation 557
févr. 03, 2017 6:53:21 PM KnockKnockClient main
INFOS: Server: je suis à la salle 557
févr. 03, 2017 6:53:21 PM KnockKnockClient main
INFOS: Client: where are you?
févr. 03, 2017 6:53:21 PM KnockKnockClient main
GRAVE: Couldn't get I/O for the connection to 137.194.22.129
