mars 27, 2017 11:48:24 AM ServerThread run
INFOS: Serveur: yes
mars 27, 2017 11:48:24 AM ServerThread run
INFOS: Serveur: the final room is Not selected yet
mars 27, 2017 11:48:24 AM ServerThread run
INFOS: Serveur: I didn't get the room. Where do you want me to go?
mars 27, 2017 11:48:25 AM ServerThread run
INFOS: Serveur: I'm in the room 4
mars 27, 2017 11:48:26 AM ServerThread run
INFOS: Serveur: the final room is Not selected yet
mars 27, 2017 11:48:26 AM ServerThread run
INFOS: Serveur: I didn't get the room. Where do you want me to go?
mars 27, 2017 11:48:27 AM ServerThread run
INFOS: Serveur: I'm in the room 4
mars 27, 2017 11:48:28 AM ServerThread run
INFOS: Serveur: the final room is 4
mars 27, 2017 11:48:28 AM ServerThread run
INFOS: Serveur: I'm going.
mars 27, 2017 11:48:29 AM ServerThread run
INFOS: Serveur: I'm in the room 3
mars 27, 2017 11:48:30 AM ServerThread run
INFOS: Serveur: Bye. I arrived.
mars 27, 2017 11:48:31 AM ServerThread run
INFOS: Serveur: I'm in the room 3
mars 27, 2017 11:48:33 AM ServerThread run
INFOS: Serveur: I'm in the room 3
mars 27, 2017 11:48:35 AM ServerThread run
INFOS: Serveur: Bye. I arrived.
mars 27, 2017 11:48:58 AM ServerThread run
INFOS: Serveur: yes
mars 27, 2017 11:48:58 AM ServerThread run
INFOS: Serveur: the final room is Not selected yet
mars 27, 2017 11:48:58 AM ServerThread run
INFOS: Serveur: I didn't get the room. Where do you want me to go?
mars 27, 2017 11:48:58 AM ServerThread run
INFOS: Serveur: yes
mars 27, 2017 11:48:58 AM ServerThread run
INFOS: Serveur: the final room is Not selected yet
mars 27, 2017 11:48:58 AM ServerThread run
INFOS: Serveur: I didn't get the room. Where do you want me to go?
mars 27, 2017 11:49:00 AM ServerThread run
INFOS: Serveur: the final room is Not selected yet
mars 27, 2017 11:49:00 AM ServerThread run
INFOS: Serveur: I didn't get the room. Where do you want me to go?
mars 27, 2017 11:49:00 AM ServerThread run
INFOS: Serveur: the final room is Not selected yet
mars 27, 2017 11:49:00 AM ServerThread run
INFOS: Serveur: I didn't get the room. Where do you want me to go?
mars 27, 2017 11:49:02 AM ServerThread run
INFOS: Serveur: the final room is Not selected yet
mars 27, 2017 11:49:02 AM ServerThread run
INFOS: Serveur: I didn't get the room. Where do you want me to go?
mars 27, 2017 11:49:02 AM ServerThread run
INFOS: Serveur: the final room is 4
mars 27, 2017 11:49:02 AM ServerThread run
INFOS: Serveur: I'm going.
mars 27, 2017 11:49:04 AM ServerThread run
INFOS: Serveur: the final room is 3
mars 27, 2017 11:49:04 AM ServerThread run
INFOS: Serveur: I'm going.
mars 27, 2017 11:49:04 AM ServerThread run
INFOS: Serveur: I'm in the room 4
mars 27, 2017 11:49:06 AM ServerThread run
INFOS: Serveur: I'm in the room 4
mars 27, 2017 11:49:06 AM ServerThread run
INFOS: Serveur: I'm in the room 4
mars 27, 2017 11:49:08 AM ServerThread run
INFOS: Serveur: I'm in the room 4
mars 27, 2017 11:49:08 AM ServerThread run
INFOS: Serveur: I'm in the room 4
mars 27, 2017 11:49:10 AM ServerThread run
INFOS: Serveur: I'm in the room 4
mars 27, 2017 11:49:10 AM ServerThread run
INFOS: Serveur: I'm in the room 4
mars 27, 2017 11:49:12 AM ServerThread run
INFOS: Serveur: I'm in the room 4
mars 27, 2017 11:49:12 AM ServerThread run
INFOS: Serveur: I'm in the room 4
mars 27, 2017 11:49:14 AM ServerThread run
INFOS: Serveur: Bye. I arrived.
mars 27, 2017 11:49:14 AM ServerThread run
INFOS: Serveur: I'm in the room 4
mars 27, 2017 11:49:16 AM ServerThread run
INFOS: Serveur: I'm in the room 4
mars 27, 2017 11:49:18 AM ServerThread run
INFOS: Serveur: I'm in the room 4
mars 27, 2017 11:49:20 AM ServerThread run
INFOS: Serveur: Bye. I arrived.
