mars 27, 2017 11:43:25 AM ServerThread run
INFOS: Serveur: yes
mars 27, 2017 11:43:25 AM ServerThread run
INFOS: Serveur: the final room is Not selected yet
mars 27, 2017 11:43:25 AM ServerThread run
INFOS: Serveur: I didn't get the room. Where do you want me to go?
mars 27, 2017 11:43:27 AM ServerThread run
INFOS: Serveur: the final room is Not selected yet
mars 27, 2017 11:43:27 AM ServerThread run
INFOS: Serveur: I didn't get the room. Where do you want me to go?
mars 27, 2017 11:43:29 AM ServerThread run
INFOS: Serveur: the final room is Not selected yet
mars 27, 2017 11:43:29 AM ServerThread run
INFOS: Serveur: I didn't get the room. Where do you want me to go?
mars 27, 2017 11:43:31 AM ServerThread run
INFOS: Serveur: the final room is Not selected yet
mars 27, 2017 11:43:31 AM ServerThread run
INFOS: Serveur: I didn't get the room. Where do you want me to go?
mars 27, 2017 11:43:33 AM ServerThread run
INFOS: Serveur: the final room is 3
mars 27, 2017 11:43:33 AM ServerThread run
INFOS: Serveur: I'm going.
mars 27, 2017 11:43:36 AM ServerThread run
INFOS: Serveur: I'm in the room 4
mars 27, 2017 11:43:38 AM ServerThread run
INFOS: Serveur: I'm in the room 4
mars 27, 2017 11:43:40 AM ServerThread run
INFOS: Serveur: Bye. I arrived.
mars 27, 2017 11:44:47 AM ServerThread run
INFOS: Serveur: yes
mars 27, 2017 11:44:47 AM ServerThread run
INFOS: Serveur: the final room is Not selected yet
mars 27, 2017 11:44:47 AM ServerThread run
INFOS: Serveur: I didn't get the room. Where do you want me to go?
mars 27, 2017 11:44:49 AM ServerThread run
INFOS: Serveur: the final room is Not selected yet
mars 27, 2017 11:44:49 AM ServerThread run
INFOS: Serveur: I didn't get the room. Where do you want me to go?
mars 27, 2017 11:44:51 AM ServerThread run
INFOS: Serveur: the final room is Not selected yet
mars 27, 2017 11:44:51 AM ServerThread run
INFOS: Serveur: I didn't get the room. Where do you want me to go?
mars 27, 2017 11:44:53 AM ServerThread run
INFOS: Serveur: the final room is Not selected yet
mars 27, 2017 11:44:53 AM ServerThread run
INFOS: Serveur: I didn't get the room. Where do you want me to go?
mars 27, 2017 11:44:55 AM ServerThread run
INFOS: Serveur: the final room is Not selected yet
mars 27, 2017 11:44:55 AM ServerThread run
INFOS: Serveur: I didn't get the room. Where do you want me to go?
mars 27, 2017 11:44:57 AM ServerThread run
INFOS: Serveur: the final room is Not selected yet
mars 27, 2017 11:44:57 AM ServerThread run
INFOS: Serveur: I didn't get the room. Where do you want me to go?
mars 27, 2017 11:45:00 AM ServerThread run
INFOS: Serveur: the final room is Not selected yet
mars 27, 2017 11:45:00 AM ServerThread run
INFOS: Serveur: I didn't get the room. Where do you want me to go?
mars 27, 2017 11:45:02 AM ServerThread run
INFOS: Serveur: the final room is Not selected yet
mars 27, 2017 11:45:02 AM ServerThread run
INFOS: Serveur: I didn't get the room. Where do you want me to go?
mars 27, 2017 11:45:04 AM ServerThread run
INFOS: Serveur: the final room is Not selected yet
mars 27, 2017 11:45:04 AM ServerThread run
INFOS: Serveur: I didn't get the room. Where do you want me to go?
mars 27, 2017 11:45:06 AM ServerThread run
INFOS: Serveur: the final room is Not selected yet
mars 27, 2017 11:45:06 AM ServerThread run
INFOS: Serveur: I didn't get the room. Where do you want me to go?
mars 27, 2017 11:45:08 AM ServerThread run
INFOS: Serveur: the final room is Not selected yet
mars 27, 2017 11:45:08 AM ServerThread run
INFOS: Serveur: I didn't get the room. Where do you want me to go?
mars 27, 2017 11:45:10 AM ServerThread run
INFOS: Serveur: the final room is Not selected yet
mars 27, 2017 11:45:10 AM ServerThread run
INFOS: Serveur: I didn't get the room. Where do you want me to go?
mars 27, 2017 11:45:12 AM ServerThread run
INFOS: Serveur: the final room is Not selected yet
mars 27, 2017 11:45:12 AM ServerThread run
INFOS: Serveur: I didn't get the room. Where do you want me to go?
mars 27, 2017 11:45:14 AM ServerThread run
INFOS: Serveur: the final room is Not selected yet
mars 27, 2017 11:45:14 AM ServerThread run
INFOS: Serveur: I didn't get the room. Where do you want me to go?
mars 27, 2017 11:45:16 AM ServerThread run
INFOS: Serveur: the final room is Not selected yet
mars 27, 2017 11:45:16 AM ServerThread run
INFOS: Serveur: I didn't get the room. Where do you want me to go?
mars 27, 2017 11:45:18 AM ServerThread run
INFOS: Serveur: the final room is Not selected yet
mars 27, 2017 11:45:18 AM ServerThread run
INFOS: Serveur: I didn't get the room. Where do you want me to go?
mars 27, 2017 11:48:08 AM ServerThread run
INFOS: Serveur: yes
mars 27, 2017 11:48:08 AM ServerThread run
INFOS: Serveur: the final room is Not selected yet
mars 27, 2017 11:48:08 AM ServerThread run
INFOS: Serveur: I didn't get the room. Where do you want me to go?
mars 27, 2017 11:48:10 AM ServerThread run
INFOS: Serveur: the final room is Not selected yet
mars 27, 2017 11:48:10 AM ServerThread run
INFOS: Serveur: I didn't get the room. Where do you want me to go?
mars 27, 2017 11:48:13 AM ServerThread run
INFOS: Serveur: the final room is Not selected yet
mars 27, 2017 11:48:13 AM ServerThread run
INFOS: Serveur: I didn't get the room. Where do you want me to go?
mars 27, 2017 11:48:15 AM ServerThread run
INFOS: Serveur: the final room is Not selected yet
mars 27, 2017 11:48:15 AM ServerThread run
INFOS: Serveur: I didn't get the room. Where do you want me to go?
mars 27, 2017 11:48:17 AM ServerThread run
INFOS: Serveur: the final room is Not selected yet
mars 27, 2017 11:48:17 AM ServerThread run
INFOS: Serveur: I didn't get the room. Where do you want me to go?
mars 27, 2017 11:48:19 AM ServerThread run
INFOS: Serveur: the final room is 3
mars 27, 2017 11:48:19 AM ServerThread run
INFOS: Serveur: I'm going.
mars 27, 2017 11:48:21 AM ServerThread run
INFOS: Serveur: I'm in the room 4
mars 27, 2017 11:48:23 AM ServerThread run
INFOS: Serveur: I'm in the room 4
mars 27, 2017 11:48:24 AM ServerThread run
INFOS: Serveur: yes
mars 27, 2017 11:48:24 AM ServerThread run
INFOS: Serveur: the final room is Not selected yet
mars 27, 2017 11:48:24 AM ServerThread run
INFOS: Serveur: I didn't get the room. Where do you want me to go?
mars 27, 2017 11:48:25 AM ServerThread run
INFOS: Serveur: I'm in the room 4
mars 27, 2017 11:48:26 AM ServerThread run
INFOS: Serveur: the final room is Not selected yet
mars 27, 2017 11:48:26 AM ServerThread run
INFOS: Serveur: I didn't get the room. Where do you want me to go?
mars 27, 2017 11:48:27 AM ServerThread run
INFOS: Serveur: I'm in the room 4
mars 27, 2017 11:48:28 AM ServerThread run
INFOS: Serveur: the final room is 4
mars 27, 2017 11:48:28 AM ServerThread run
INFOS: Serveur: I'm going.
mars 27, 2017 11:48:29 AM ServerThread run
INFOS: Serveur: I'm in the room 3
mars 27, 2017 11:48:30 AM ServerThread run
INFOS: Serveur: Bye. I arrived.
mars 27, 2017 11:48:31 AM ServerThread run
INFOS: Serveur: I'm in the room 3
mars 27, 2017 11:48:33 AM ServerThread run
INFOS: Serveur: I'm in the room 3
mars 27, 2017 11:48:35 AM ServerThread run
INFOS: Serveur: Bye. I arrived.
mars 27, 2017 11:48:58 AM ServerThread run
INFOS: Serveur: yes
mars 27, 2017 11:48:58 AM ServerThread run
INFOS: Serveur: the final room is Not selected yet
mars 27, 2017 11:48:58 AM ServerThread run
INFOS: Serveur: I didn't get the room. Where do you want me to go?
mars 27, 2017 11:48:58 AM ServerThread run
INFOS: Serveur: yes
mars 27, 2017 11:48:58 AM ServerThread run
INFOS: Serveur: the final room is Not selected yet
mars 27, 2017 11:48:58 AM ServerThread run
INFOS: Serveur: I didn't get the room. Where do you want me to go?
mars 27, 2017 11:49:00 AM ServerThread run
INFOS: Serveur: the final room is Not selected yet
mars 27, 2017 11:49:00 AM ServerThread run
INFOS: Serveur: I didn't get the room. Where do you want me to go?
mars 27, 2017 11:49:00 AM ServerThread run
INFOS: Serveur: the final room is Not selected yet
mars 27, 2017 11:49:00 AM ServerThread run
INFOS: Serveur: I didn't get the room. Where do you want me to go?
mars 27, 2017 11:49:02 AM ServerThread run
INFOS: Serveur: the final room is Not selected yet
mars 27, 2017 11:49:02 AM ServerThread run
INFOS: Serveur: I didn't get the room. Where do you want me to go?
mars 27, 2017 11:49:02 AM ServerThread run
INFOS: Serveur: the final room is 4
mars 27, 2017 11:49:02 AM ServerThread run
INFOS: Serveur: I'm going.
mars 27, 2017 11:49:04 AM ServerThread run
INFOS: Serveur: the final room is 3
mars 27, 2017 11:49:04 AM ServerThread run
INFOS: Serveur: I'm going.
mars 27, 2017 11:49:04 AM ServerThread run
INFOS: Serveur: I'm in the room 4
mars 27, 2017 11:49:06 AM ServerThread run
INFOS: Serveur: I'm in the room 4
mars 27, 2017 11:49:06 AM ServerThread run
INFOS: Serveur: I'm in the room 4
mars 27, 2017 11:49:08 AM ServerThread run
INFOS: Serveur: I'm in the room 4
mars 27, 2017 11:49:08 AM ServerThread run
INFOS: Serveur: I'm in the room 4
mars 27, 2017 11:49:10 AM ServerThread run
INFOS: Serveur: I'm in the room 4
mars 27, 2017 11:49:10 AM ServerThread run
INFOS: Serveur: I'm in the room 4
mars 27, 2017 11:49:12 AM ServerThread run
INFOS: Serveur: I'm in the room 4
mars 27, 2017 11:49:12 AM ServerThread run
INFOS: Serveur: I'm in the room 4
mars 27, 2017 11:49:14 AM ServerThread run
INFOS: Serveur: Bye. I arrived.
mars 27, 2017 11:49:14 AM ServerThread run
INFOS: Serveur: I'm in the room 4
mars 27, 2017 11:49:16 AM ServerThread run
INFOS: Serveur: I'm in the room 4
mars 27, 2017 11:49:18 AM ServerThread run
INFOS: Serveur: I'm in the room 4
mars 27, 2017 11:49:20 AM ServerThread run
INFOS: Serveur: Bye. I arrived.
